{
  "uid" : "4a33a0501f09d0fe",
  "name" : "Admin creates a new student account",
  "fullName" : "Admin Page Features: Admin creates a new student account",
  "historyId" : "beba1ead6253636e8f0aed63593070f2",
  "time" : {
    "start" : 1739159033286,
    "stop" : 1739159033437,
    "duration" : 151
  },
  "status" : "broken",
  "statusMessage" : "selenium.common.exceptions.SessionNotCreatedException: Message: session not created\nfrom disconnected: unable to connect to renderer\nStacktrace:\n#0 0x560c225d153a <unknown>\n#1 0x560c220ccf00 <unknown>\n#2 0x560c2210a917 <unknown>\n#3 0x560c22104a0c <unknown>\n#4 0x560c221004b6 <unknown>\n#5 0x560c2214d7b6 <unknown>\n#6 0x560c2214ce06 <unknown>\n#7 0x560c22141343 <unknown>\n#8 0x560c2210e78a <unknown>\n#9 0x560c2210f9de <unknown>\n#10 0x560c2259b2cb <unknown>\n#11 0x560c2259f242 <unknown>\n#12 0x560c225887ac <unknown>\n#13 0x560c2259fdf7 <unknown>\n#14 0x560c2256cb2f <unknown>\n#15 0x560c225c01a8 <unknown>\n#16 0x560c225c0370 <unknown>\n#17 0x560c225d03b6 <unknown>\n#18 0x7fc87649ca94 <unknown>\n#19 0x7fc876529c3c <unknown>\n\n",
  "statusTrace" : "  File \"/opt/hostedtoolcache/Python/3.11.11/x64/lib/python3.11/site-packages/behave/model.py\", line 1329, in run\n    match.run(runner.context)\n  File \"/opt/hostedtoolcache/Python/3.11.11/x64/lib/python3.11/site-packages/behave/matchers.py\", line 98, in run\n    self.func(context, *args, **kwargs)\n  File \"/home/runner/work/DOPAssignment/DOPAssignment/tests/features/steps/common_steps.py\", line 59, in step_impl\n    context.driver = setup_chrome_driver()\n                     ^^^^^^^^^^^^^^^^^^^^^\n  File \"/home/runner/work/DOPAssignment/DOPAssignment/tests/features/steps/common_steps.py\", line 29, in setup_chrome_driver\n    driver = webdriver.Chrome(options=chrome_options)\n             ^^^^^^^^^^^^^^^^^^^^^^^^^^^^^^^^^^^^^^^^\n  File \"/opt/hostedtoolcache/Python/3.11.11/x64/lib/python3.11/site-packages/selenium/webdriver/chrome/webdriver.py\", line 45, in __init__\n    super().__init__(\n  File \"/opt/hostedtoolcache/Python/3.11.11/x64/lib/python3.11/site-packages/selenium/webdriver/chromium/webdriver.py\", line 66, in __init__\n    super().__init__(command_executor=executor, options=options)\n  File \"/opt/hostedtoolcache/Python/3.11.11/x64/lib/python3.11/site-packages/selenium/webdriver/remote/webdriver.py\", line 250, in __init__\n    self.start_session(capabilities)\n  File \"/opt/hostedtoolcache/Python/3.11.11/x64/lib/python3.11/site-packages/selenium/webdriver/remote/webdriver.py\", line 342, in start_session\n    response = self.execute(Command.NEW_SESSION, caps)[\"value\"]\n               ^^^^^^^^^^^^^^^^^^^^^^^^^^^^^^^^^^^^^^^\n  File \"/opt/hostedtoolcache/Python/3.11.11/x64/lib/python3.11/site-packages/selenium/webdriver/remote/webdriver.py\", line 429, in execute\n    self.error_handler.check_response(response)\n  File \"/opt/hostedtoolcache/Python/3.11.11/x64/lib/python3.11/site-packages/selenium/webdriver/remote/errorhandler.py\", line 232, in check_response\n    raise exception_class(message, screen, stacktrace)\n",
  "flaky" : false,
  "newFailed" : false,
  "beforeStages" : [ ],
  "testStage" : {
    "status" : "broken",
    "statusMessage" : "selenium.common.exceptions.SessionNotCreatedException: Message: session not created\nfrom disconnected: unable to connect to renderer\nStacktrace:\n#0 0x560c225d153a <unknown>\n#1 0x560c220ccf00 <unknown>\n#2 0x560c2210a917 <unknown>\n#3 0x560c22104a0c <unknown>\n#4 0x560c221004b6 <unknown>\n#5 0x560c2214d7b6 <unknown>\n#6 0x560c2214ce06 <unknown>\n#7 0x560c22141343 <unknown>\n#8 0x560c2210e78a <unknown>\n#9 0x560c2210f9de <unknown>\n#10 0x560c2259b2cb <unknown>\n#11 0x560c2259f242 <unknown>\n#12 0x560c225887ac <unknown>\n#13 0x560c2259fdf7 <unknown>\n#14 0x560c2256cb2f <unknown>\n#15 0x560c225c01a8 <unknown>\n#16 0x560c225c0370 <unknown>\n#17 0x560c225d03b6 <unknown>\n#18 0x7fc87649ca94 <unknown>\n#19 0x7fc876529c3c <unknown>\n\n",
    "statusTrace" : "  File \"/opt/hostedtoolcache/Python/3.11.11/x64/lib/python3.11/site-packages/behave/model.py\", line 1329, in run\n    match.run(runner.context)\n  File \"/opt/hostedtoolcache/Python/3.11.11/x64/lib/python3.11/site-packages/behave/matchers.py\", line 98, in run\n    self.func(context, *args, **kwargs)\n  File \"/home/runner/work/DOPAssignment/DOPAssignment/tests/features/steps/common_steps.py\", line 59, in step_impl\n    context.driver = setup_chrome_driver()\n                     ^^^^^^^^^^^^^^^^^^^^^\n  File \"/home/runner/work/DOPAssignment/DOPAssignment/tests/features/steps/common_steps.py\", line 29, in setup_chrome_driver\n    driver = webdriver.Chrome(options=chrome_options)\n             ^^^^^^^^^^^^^^^^^^^^^^^^^^^^^^^^^^^^^^^^\n  File \"/opt/hostedtoolcache/Python/3.11.11/x64/lib/python3.11/site-packages/selenium/webdriver/chrome/webdriver.py\", line 45, in __init__\n    super().__init__(\n  File \"/opt/hostedtoolcache/Python/3.11.11/x64/lib/python3.11/site-packages/selenium/webdriver/chromium/webdriver.py\", line 66, in __init__\n    super().__init__(command_executor=executor, options=options)\n  File \"/opt/hostedtoolcache/Python/3.11.11/x64/lib/python3.11/site-packages/selenium/webdriver/remote/webdriver.py\", line 250, in __init__\n    self.start_session(capabilities)\n  File \"/opt/hostedtoolcache/Python/3.11.11/x64/lib/python3.11/site-packages/selenium/webdriver/remote/webdriver.py\", line 342, in start_session\n    response = self.execute(Command.NEW_SESSION, caps)[\"value\"]\n               ^^^^^^^^^^^^^^^^^^^^^^^^^^^^^^^^^^^^^^^\n  File \"/opt/hostedtoolcache/Python/3.11.11/x64/lib/python3.11/site-packages/selenium/webdriver/remote/webdriver.py\", line 429, in execute\n    self.error_handler.check_response(response)\n  File \"/opt/hostedtoolcache/Python/3.11.11/x64/lib/python3.11/site-packages/selenium/webdriver/remote/errorhandler.py\", line 232, in check_response\n    raise exception_class(message, screen, stacktrace)\n",
    "steps" : [ {
      "name" : "Given Chrome browser is launch",
      "time" : {
        "start" : 1739159033286,
        "stop" : 1739159033383,
        "duration" : 97
      },
      "status" : "broken",
      "statusMessage" : "selenium.common.exceptions.SessionNotCreatedException: Message: session not created\nfrom disconnected: unable to connect to renderer\nStacktrace:\n#0 0x560c225d153a <unknown>\n#1 0x560c220ccf00 <unknown>\n#2 0x560c2210a917 <unknown>\n#3 0x560c22104a0c <unknown>\n#4 0x560c221004b6 <unknown>\n#5 0x560c2214d7b6 <unknown>\n#6 0x560c2214ce06 <unknown>\n#7 0x560c22141343 <unknown>\n#8 0x560c2210e78a <unknown>\n#9 0x560c2210f9de <unknown>\n#10 0x560c2259b2cb <unknown>\n#11 0x560c2259f242 <unknown>\n#12 0x560c225887ac <unknown>\n#13 0x560c2259fdf7 <unknown>\n#14 0x560c2256cb2f <unknown>\n#15 0x560c225c01a8 <unknown>\n#16 0x560c225c0370 <unknown>\n#17 0x560c225d03b6 <unknown>\n#18 0x7fc87649ca94 <unknown>\n#19 0x7fc876529c3c <unknown>\n\n",
      "statusTrace" : "  File \"/opt/hostedtoolcache/Python/3.11.11/x64/lib/python3.11/site-packages/behave/model.py\", line 1329, in run\n    match.run(runner.context)\n  File \"/opt/hostedtoolcache/Python/3.11.11/x64/lib/python3.11/site-packages/behave/matchers.py\", line 98, in run\n    self.func(context, *args, **kwargs)\n  File \"/home/runner/work/DOPAssignment/DOPAssignment/tests/features/steps/common_steps.py\", line 59, in step_impl\n    context.driver = setup_chrome_driver()\n                     ^^^^^^^^^^^^^^^^^^^^^\n  File \"/home/runner/work/DOPAssignment/DOPAssignment/tests/features/steps/common_steps.py\", line 29, in setup_chrome_driver\n    driver = webdriver.Chrome(options=chrome_options)\n             ^^^^^^^^^^^^^^^^^^^^^^^^^^^^^^^^^^^^^^^^\n  File \"/opt/hostedtoolcache/Python/3.11.11/x64/lib/python3.11/site-packages/selenium/webdriver/chrome/webdriver.py\", line 45, in __init__\n    super().__init__(\n  File \"/opt/hostedtoolcache/Python/3.11.11/x64/lib/python3.11/site-packages/selenium/webdriver/chromium/webdriver.py\", line 66, in __init__\n    super().__init__(command_executor=executor, options=options)\n  File \"/opt/hostedtoolcache/Python/3.11.11/x64/lib/python3.11/site-packages/selenium/webdriver/remote/webdriver.py\", line 250, in __init__\n    self.start_session(capabilities)\n  File \"/opt/hostedtoolcache/Python/3.11.11/x64/lib/python3.11/site-packages/selenium/webdriver/remote/webdriver.py\", line 342, in start_session\n    response = self.execute(Command.NEW_SESSION, caps)[\"value\"]\n               ^^^^^^^^^^^^^^^^^^^^^^^^^^^^^^^^^^^^^^^\n  File \"/opt/hostedtoolcache/Python/3.11.11/x64/lib/python3.11/site-packages/selenium/webdriver/remote/webdriver.py\", line 429, in execute\n    self.error_handler.check_response(response)\n  File \"/opt/hostedtoolcache/Python/3.11.11/x64/lib/python3.11/site-packages/selenium/webdriver/remote/errorhandler.py\", line 232, in check_response\n    raise exception_class(message, screen, stacktrace)\n",
      "steps" : [ ],
      "attachments" : [ ],
      "parameters" : [ ],
      "stepsCount" : 0,
      "attachmentsCount" : 0,
      "shouldDisplayMessage" : true,
      "hasContent" : true
    }, {
      "name" : "And Browser console logging is enabled for error tracking",
      "time" : {
        "start" : 1739159033384,
        "stop" : 1739159033384,
        "duration" : 0
      },
      "status" : "skipped",
      "steps" : [ ],
      "attachments" : [ ],
      "parameters" : [ ],
      "stepsCount" : 0,
      "attachmentsCount" : 0,
      "shouldDisplayMessage" : false,
      "hasContent" : false
    }, {
      "name" : "When Open Login Page",
      "time" : {
        "start" : 1739159033384,
        "stop" : 1739159033384,
        "duration" : 0
      },
      "status" : "skipped",
      "steps" : [ ],
      "attachments" : [ ],
      "parameters" : [ ],
      "stepsCount" : 0,
      "attachmentsCount" : 0,
      "shouldDisplayMessage" : false,
      "hasContent" : false
    }, {
      "name" : "Then Verify page loads without console errors",
      "time" : {
        "start" : 1739159033384,
        "stop" : 1739159033384,
        "duration" : 0
      },
      "status" : "skipped",
      "steps" : [ ],
      "attachments" : [ ],
      "parameters" : [ ],
      "stepsCount" : 0,
      "attachmentsCount" : 0,
      "shouldDisplayMessage" : false,
      "hasContent" : false
    }, {
      "name" : "Given I am logged in as an admin",
      "time" : {
        "start" : 1739159033384,
        "stop" : 1739159033384,
        "duration" : 0
      },
      "status" : "skipped",
      "steps" : [ ],
      "attachments" : [ ],
      "parameters" : [ ],
      "stepsCount" : 0,
      "attachmentsCount" : 0,
      "shouldDisplayMessage" : false,
      "hasContent" : false
    }, {
      "name" : "And I click on create student account",
      "time" : {
        "start" : 1739159033384,
        "stop" : 1739159033384,
        "duration" : 0
      },
      "status" : "skipped",
      "steps" : [ ],
      "attachments" : [ ],
      "parameters" : [ ],
      "stepsCount" : 0,
      "attachmentsCount" : 0,
      "shouldDisplayMessage" : false,
      "hasContent" : false
    }, {
      "name" : "And I enter \"Student ID\" as \"A99999999Y\"",
      "time" : {
        "start" : 1739159033384,
        "stop" : 1739159033384,
        "duration" : 0
      },
      "status" : "broken",
      "statusMessage" : "\nYou can implement step definitions for undefined steps with these snippets:\n\n@given(u'I enter \"Student ID\" as \"A99999999Y\"')\ndef step_impl(context):\n    raise NotImplementedError(u'STEP: Given I enter \"Student ID\" as \"A99999999Y\"')\n\n",
      "steps" : [ ],
      "attachments" : [ ],
      "parameters" : [ ],
      "stepsCount" : 0,
      "attachmentsCount" : 0,
      "shouldDisplayMessage" : true,
      "hasContent" : true
    }, {
      "name" : "And I enter \"Student Name\" as \"John Pork\"",
      "time" : {
        "start" : 1739159033384,
        "stop" : 1739159033384,
        "duration" : 0
      },
      "status" : "broken",
      "statusMessage" : "\nYou can implement step definitions for undefined steps with these snippets:\n\n@given(u'I enter \"Student Name\" as \"John Pork\"')\ndef step_impl(context):\n    raise NotImplementedError(u'STEP: Given I enter \"Student Name\" as \"John Pork\"')\n\n",
      "steps" : [ ],
      "attachments" : [ ],
      "parameters" : [ ],
      "stepsCount" : 0,
      "attachmentsCount" : 0,
      "shouldDisplayMessage" : true,
      "hasContent" : true
    }, {
      "name" : "And I enter \"Student current points\" as \"100\"",
      "time" : {
        "start" : 1739159033384,
        "stop" : 1739159033384,
        "duration" : 0
      },
      "status" : "broken",
      "statusMessage" : "\nYou can implement step definitions for undefined steps with these snippets:\n\n@given(u'I enter \"Student current points\" as \"100\"')\ndef step_impl(context):\n    raise NotImplementedError(u'STEP: Given I enter \"Student current points\" as \"100\"')\n\n",
      "steps" : [ ],
      "attachments" : [ ],
      "parameters" : [ ],
      "stepsCount" : 0,
      "attachmentsCount" : 0,
      "shouldDisplayMessage" : true,
      "hasContent" : true
    }, {
      "name" : "And I enter \"Username\" as \"John Pork\"",
      "time" : {
        "start" : 1739159033384,
        "stop" : 1739159033384,
        "duration" : 0
      },
      "status" : "broken",
      "statusMessage" : "\nYou can implement step definitions for undefined steps with these snippets:\n\n@given(u'I enter \"Username\" as \"John Pork\"')\ndef step_impl(context):\n    raise NotImplementedError(u'STEP: Given I enter \"Username\" as \"John Pork\"')\n\n",
      "steps" : [ ],
      "attachments" : [ ],
      "parameters" : [ ],
      "stepsCount" : 0,
      "attachmentsCount" : 0,
      "shouldDisplayMessage" : true,
      "hasContent" : true
    }, {
      "name" : "And I enter \"Password\" as \"securepassword123\"",
      "time" : {
        "start" : 1739159033384,
        "stop" : 1739159033384,
        "duration" : 0
      },
      "status" : "broken",
      "statusMessage" : "\nYou can implement step definitions for undefined steps with these snippets:\n\n@given(u'I enter \"Password\" as \"securepassword123\"')\ndef step_impl(context):\n    raise NotImplementedError(u'STEP: Given I enter \"Password\" as \"securepassword123\"')\n\n",
      "steps" : [ ],
      "attachments" : [ ],
      "parameters" : [ ],
      "stepsCount" : 0,
      "attachmentsCount" : 0,
      "shouldDisplayMessage" : true,
      "hasContent" : true
    }, {
      "name" : "And I enter \"Diploma of Study\" as \"Diploma in Business\"",
      "time" : {
        "start" : 1739159033384,
        "stop" : 1739159033384,
        "duration" : 0
      },
      "status" : "broken",
      "statusMessage" : "\nYou can implement step definitions for undefined steps with these snippets:\n\n@given(u'I enter \"Diploma of Study\" as \"Diploma in Business\"')\ndef step_impl(context):\n    raise NotImplementedError(u'STEP: Given I enter \"Diploma of Study\" as \"Diploma in Business\"')\n\n",
      "steps" : [ ],
      "attachments" : [ ],
      "parameters" : [ ],
      "stepsCount" : 0,
      "attachmentsCount" : 0,
      "shouldDisplayMessage" : true,
      "hasContent" : true
    }, {
      "name" : "And I enter \"Year of Entry\" as \"2024\"",
      "time" : {
        "start" : 1739159033384,
        "stop" : 1739159033384,
        "duration" : 0
      },
      "status" : "broken",
      "statusMessage" : "\nYou can implement step definitions for undefined steps with these snippets:\n\n@given(u'I enter \"Year of Entry\" as \"2024\"')\ndef step_impl(context):\n    raise NotImplementedError(u'STEP: Given I enter \"Year of Entry\" as \"2024\"')\n\n",
      "steps" : [ ],
      "attachments" : [ ],
      "parameters" : [ ],
      "stepsCount" : 0,
      "attachmentsCount" : 0,
      "shouldDisplayMessage" : true,
      "hasContent" : true
    }, {
      "name" : "And I enter \"Email Address\" as \"johnpork@test.com\"",
      "time" : {
        "start" : 1739159033384,
        "stop" : 1739159033384,
        "duration" : 0
      },
      "status" : "broken",
      "statusMessage" : "\nYou can implement step definitions for undefined steps with these snippets:\n\n@given(u'I enter \"Email Address\" as \"johnpork@test.com\"')\ndef step_impl(context):\n    raise NotImplementedError(u'STEP: Given I enter \"Email Address\" as \"johnpork@test.com\"')\n\n",
      "steps" : [ ],
      "attachments" : [ ],
      "parameters" : [ ],
      "stepsCount" : 0,
      "attachmentsCount" : 0,
      "shouldDisplayMessage" : true,
      "hasContent" : true
    }, {
      "name" : "And I submit the form",
      "time" : {
        "start" : 1739159033384,
        "stop" : 1739159033437,
        "duration" : 53
      },
      "status" : "skipped",
      "steps" : [ ],
      "attachments" : [ ],
      "parameters" : [ ],
      "stepsCount" : 0,
      "attachmentsCount" : 0,
      "shouldDisplayMessage" : false,
      "hasContent" : false
    }, {
      "name" : "Then the student \"John Pork\" should be added to the student list",
      "time" : {
        "start" : 1739159033437,
        "stop" : 1739159033437,
        "duration" : 0
      },
      "status" : "skipped",
      "steps" : [ ],
      "attachments" : [ ],
      "parameters" : [ ],
      "stepsCount" : 0,
      "attachmentsCount" : 0,
      "shouldDisplayMessage" : false,
      "hasContent" : false
    } ],
    "attachments" : [ ],
    "parameters" : [ ],
    "stepsCount" : 16,
    "attachmentsCount" : 0,
    "shouldDisplayMessage" : false,
    "hasContent" : true
  },
  "afterStages" : [ ],
  "labels" : [ {
    "name" : "severity",
    "value" : "normal"
  }, {
    "name" : "feature",
    "value" : "Admin Page Features"
  }, {
    "name" : "framework",
    "value" : "behave"
  }, {
    "name" : "language",
    "value" : "cpython3"
  }, {
    "name" : "resultFormat",
    "value" : "allure2"
  } ],
  "parameters" : [ ],
  "links" : [ ],
  "hidden" : false,
  "retry" : false,
  "extra" : {
    "severity" : "normal",
    "retries" : [ ],
    "categories" : [ {
      "name" : "Test defects",
      "matchedStatuses" : [ ],
      "flaky" : false
    } ],
    "tags" : [ ]
  },
  "source" : "4a33a0501f09d0fe.json",
  "parameterValues" : [ ]
}