{
  "uid" : "b89e27c90f78d701",
  "name" : "Fill in student login with multiple correct user data -- @1.2 ",
  "fullName" : "Verify Login is valid: Fill in student login with multiple correct user data",
  "historyId" : "38734b3559bb2ffcb5ec94b675640db6",
  "time" : {
    "start" : 1739157872617,
    "stop" : 1739157872820,
    "duration" : 203
  },
  "status" : "broken",
  "statusMessage" : "selenium.common.exceptions.SessionNotCreatedException: Message: session not created: probably user data directory is already in use, please specify a unique value for --user-data-dir argument, or don't use --user-data-dir\nStacktrace:\n#0 0x562238f4553a <unknown>\n#1 0x562238a40f00 <unknown>\n#2 0x562238a77c53 <unknown>\n#3 0x562238a744b6 <unknown>\n#4 0x562238ac17b6 <unknown>\n#5 0x562238ac0e06 <unknown>\n#6 0x562238ab5343 <unknown>\n#7 0x562238a8278a <unknown>\n#8 0x562238a839de <unknown>\n#9 0x562238f0f2cb <unknown>\n#10 0x562238f13242 <unknown>\n#11 0x562238efc7ac <unknown>\n#12 0x562238f13df7 <unknown>\n#13 0x562238ee0b2f <unknown>\n#14 0x562238f341a8 <unknown>\n#15 0x562238f34370 <unknown>\n#16 0x562238f443b6 <unknown>\n#17 0x7f2b6509ca94 <unknown>\n#18 0x7f2b65129c3c <unknown>\n\n",
  "statusTrace" : "  File \"/opt/hostedtoolcache/Python/3.11.11/x64/lib/python3.11/site-packages/behave/model.py\", line 1329, in run\n    match.run(runner.context)\n  File \"/opt/hostedtoolcache/Python/3.11.11/x64/lib/python3.11/site-packages/behave/matchers.py\", line 98, in run\n    self.func(context, *args, **kwargs)\n  File \"/home/runner/work/DOPAssignment/DOPAssignment/tests/features/steps/common_steps.py\", line 10, in step_impl\n    context.driver = webdriver.Chrome()\n                     ^^^^^^^^^^^^^^^^^^\n  File \"/opt/hostedtoolcache/Python/3.11.11/x64/lib/python3.11/site-packages/selenium/webdriver/chrome/webdriver.py\", line 45, in __init__\n    super().__init__(\n  File \"/opt/hostedtoolcache/Python/3.11.11/x64/lib/python3.11/site-packages/selenium/webdriver/chromium/webdriver.py\", line 66, in __init__\n    super().__init__(command_executor=executor, options=options)\n  File \"/opt/hostedtoolcache/Python/3.11.11/x64/lib/python3.11/site-packages/selenium/webdriver/remote/webdriver.py\", line 250, in __init__\n    self.start_session(capabilities)\n  File \"/opt/hostedtoolcache/Python/3.11.11/x64/lib/python3.11/site-packages/selenium/webdriver/remote/webdriver.py\", line 342, in start_session\n    response = self.execute(Command.NEW_SESSION, caps)[\"value\"]\n               ^^^^^^^^^^^^^^^^^^^^^^^^^^^^^^^^^^^^^^^\n  File \"/opt/hostedtoolcache/Python/3.11.11/x64/lib/python3.11/site-packages/selenium/webdriver/remote/webdriver.py\", line 429, in execute\n    self.error_handler.check_response(response)\n  File \"/opt/hostedtoolcache/Python/3.11.11/x64/lib/python3.11/site-packages/selenium/webdriver/remote/errorhandler.py\", line 232, in check_response\n    raise exception_class(message, screen, stacktrace)\n",
  "flaky" : false,
  "newFailed" : false,
  "beforeStages" : [ ],
  "testStage" : {
    "status" : "broken",
    "statusMessage" : "selenium.common.exceptions.SessionNotCreatedException: Message: session not created: probably user data directory is already in use, please specify a unique value for --user-data-dir argument, or don't use --user-data-dir\nStacktrace:\n#0 0x562238f4553a <unknown>\n#1 0x562238a40f00 <unknown>\n#2 0x562238a77c53 <unknown>\n#3 0x562238a744b6 <unknown>\n#4 0x562238ac17b6 <unknown>\n#5 0x562238ac0e06 <unknown>\n#6 0x562238ab5343 <unknown>\n#7 0x562238a8278a <unknown>\n#8 0x562238a839de <unknown>\n#9 0x562238f0f2cb <unknown>\n#10 0x562238f13242 <unknown>\n#11 0x562238efc7ac <unknown>\n#12 0x562238f13df7 <unknown>\n#13 0x562238ee0b2f <unknown>\n#14 0x562238f341a8 <unknown>\n#15 0x562238f34370 <unknown>\n#16 0x562238f443b6 <unknown>\n#17 0x7f2b6509ca94 <unknown>\n#18 0x7f2b65129c3c <unknown>\n\n",
    "statusTrace" : "  File \"/opt/hostedtoolcache/Python/3.11.11/x64/lib/python3.11/site-packages/behave/model.py\", line 1329, in run\n    match.run(runner.context)\n  File \"/opt/hostedtoolcache/Python/3.11.11/x64/lib/python3.11/site-packages/behave/matchers.py\", line 98, in run\n    self.func(context, *args, **kwargs)\n  File \"/home/runner/work/DOPAssignment/DOPAssignment/tests/features/steps/common_steps.py\", line 10, in step_impl\n    context.driver = webdriver.Chrome()\n                     ^^^^^^^^^^^^^^^^^^\n  File \"/opt/hostedtoolcache/Python/3.11.11/x64/lib/python3.11/site-packages/selenium/webdriver/chrome/webdriver.py\", line 45, in __init__\n    super().__init__(\n  File \"/opt/hostedtoolcache/Python/3.11.11/x64/lib/python3.11/site-packages/selenium/webdriver/chromium/webdriver.py\", line 66, in __init__\n    super().__init__(command_executor=executor, options=options)\n  File \"/opt/hostedtoolcache/Python/3.11.11/x64/lib/python3.11/site-packages/selenium/webdriver/remote/webdriver.py\", line 250, in __init__\n    self.start_session(capabilities)\n  File \"/opt/hostedtoolcache/Python/3.11.11/x64/lib/python3.11/site-packages/selenium/webdriver/remote/webdriver.py\", line 342, in start_session\n    response = self.execute(Command.NEW_SESSION, caps)[\"value\"]\n               ^^^^^^^^^^^^^^^^^^^^^^^^^^^^^^^^^^^^^^^\n  File \"/opt/hostedtoolcache/Python/3.11.11/x64/lib/python3.11/site-packages/selenium/webdriver/remote/webdriver.py\", line 429, in execute\n    self.error_handler.check_response(response)\n  File \"/opt/hostedtoolcache/Python/3.11.11/x64/lib/python3.11/site-packages/selenium/webdriver/remote/errorhandler.py\", line 232, in check_response\n    raise exception_class(message, screen, stacktrace)\n",
    "steps" : [ {
      "name" : "Given Chrome browser is launch",
      "time" : {
        "start" : 1739157872617,
        "stop" : 1739157872819,
        "duration" : 202
      },
      "status" : "broken",
      "statusMessage" : "selenium.common.exceptions.SessionNotCreatedException: Message: session not created: probably user data directory is already in use, please specify a unique value for --user-data-dir argument, or don't use --user-data-dir\nStacktrace:\n#0 0x562238f4553a <unknown>\n#1 0x562238a40f00 <unknown>\n#2 0x562238a77c53 <unknown>\n#3 0x562238a744b6 <unknown>\n#4 0x562238ac17b6 <unknown>\n#5 0x562238ac0e06 <unknown>\n#6 0x562238ab5343 <unknown>\n#7 0x562238a8278a <unknown>\n#8 0x562238a839de <unknown>\n#9 0x562238f0f2cb <unknown>\n#10 0x562238f13242 <unknown>\n#11 0x562238efc7ac <unknown>\n#12 0x562238f13df7 <unknown>\n#13 0x562238ee0b2f <unknown>\n#14 0x562238f341a8 <unknown>\n#15 0x562238f34370 <unknown>\n#16 0x562238f443b6 <unknown>\n#17 0x7f2b6509ca94 <unknown>\n#18 0x7f2b65129c3c <unknown>\n\n",
      "statusTrace" : "  File \"/opt/hostedtoolcache/Python/3.11.11/x64/lib/python3.11/site-packages/behave/model.py\", line 1329, in run\n    match.run(runner.context)\n  File \"/opt/hostedtoolcache/Python/3.11.11/x64/lib/python3.11/site-packages/behave/matchers.py\", line 98, in run\n    self.func(context, *args, **kwargs)\n  File \"/home/runner/work/DOPAssignment/DOPAssignment/tests/features/steps/common_steps.py\", line 10, in step_impl\n    context.driver = webdriver.Chrome()\n                     ^^^^^^^^^^^^^^^^^^\n  File \"/opt/hostedtoolcache/Python/3.11.11/x64/lib/python3.11/site-packages/selenium/webdriver/chrome/webdriver.py\", line 45, in __init__\n    super().__init__(\n  File \"/opt/hostedtoolcache/Python/3.11.11/x64/lib/python3.11/site-packages/selenium/webdriver/chromium/webdriver.py\", line 66, in __init__\n    super().__init__(command_executor=executor, options=options)\n  File \"/opt/hostedtoolcache/Python/3.11.11/x64/lib/python3.11/site-packages/selenium/webdriver/remote/webdriver.py\", line 250, in __init__\n    self.start_session(capabilities)\n  File \"/opt/hostedtoolcache/Python/3.11.11/x64/lib/python3.11/site-packages/selenium/webdriver/remote/webdriver.py\", line 342, in start_session\n    response = self.execute(Command.NEW_SESSION, caps)[\"value\"]\n               ^^^^^^^^^^^^^^^^^^^^^^^^^^^^^^^^^^^^^^^\n  File \"/opt/hostedtoolcache/Python/3.11.11/x64/lib/python3.11/site-packages/selenium/webdriver/remote/webdriver.py\", line 429, in execute\n    self.error_handler.check_response(response)\n  File \"/opt/hostedtoolcache/Python/3.11.11/x64/lib/python3.11/site-packages/selenium/webdriver/remote/errorhandler.py\", line 232, in check_response\n    raise exception_class(message, screen, stacktrace)\n",
      "steps" : [ ],
      "attachments" : [ ],
      "parameters" : [ ],
      "stepsCount" : 0,
      "attachmentsCount" : 0,
      "shouldDisplayMessage" : true,
      "hasContent" : true
    }, {
      "name" : "Given Browser console logging is enabled for error tracking",
      "time" : {
        "start" : 1739157872820,
        "stop" : 1739157872820,
        "duration" : 0
      },
      "status" : "skipped",
      "steps" : [ ],
      "attachments" : [ ],
      "parameters" : [ ],
      "stepsCount" : 0,
      "attachmentsCount" : 0,
      "shouldDisplayMessage" : false,
      "hasContent" : false
    }, {
      "name" : "Then Verify page loads without console errors",
      "time" : {
        "start" : 1739157872820,
        "stop" : 1739157872820,
        "duration" : 0
      },
      "status" : "skipped",
      "steps" : [ ],
      "attachments" : [ ],
      "parameters" : [ ],
      "stepsCount" : 0,
      "attachmentsCount" : 0,
      "shouldDisplayMessage" : false,
      "hasContent" : false
    }, {
      "name" : "When Open Login Page",
      "time" : {
        "start" : 1739157872820,
        "stop" : 1739157872820,
        "duration" : 0
      },
      "status" : "skipped",
      "steps" : [ ],
      "attachments" : [ ],
      "parameters" : [ ],
      "stepsCount" : 0,
      "attachmentsCount" : 0,
      "shouldDisplayMessage" : false,
      "hasContent" : false
    }, {
      "name" : "Then Input multiple \"Sarah Lim\" and \"password2\"",
      "time" : {
        "start" : 1739157872820,
        "stop" : 1739157872820,
        "duration" : 0
      },
      "status" : "skipped",
      "steps" : [ ],
      "attachments" : [ ],
      "parameters" : [ ],
      "stepsCount" : 0,
      "attachmentsCount" : 0,
      "shouldDisplayMessage" : false,
      "hasContent" : false
    }, {
      "name" : "And Submit form",
      "time" : {
        "start" : 1739157872820,
        "stop" : 1739157872820,
        "duration" : 0
      },
      "status" : "skipped",
      "steps" : [ ],
      "attachments" : [ ],
      "parameters" : [ ],
      "stepsCount" : 0,
      "attachmentsCount" : 0,
      "shouldDisplayMessage" : false,
      "hasContent" : false
    }, {
      "name" : "And Verify student login",
      "time" : {
        "start" : 1739157872820,
        "stop" : 1739157872820,
        "duration" : 0
      },
      "status" : "skipped",
      "steps" : [ ],
      "attachments" : [ ],
      "parameters" : [ ],
      "stepsCount" : 0,
      "attachmentsCount" : 0,
      "shouldDisplayMessage" : false,
      "hasContent" : false
    }, {
      "name" : "And Close browser",
      "time" : {
        "start" : 1739157872820,
        "stop" : 1739157872820,
        "duration" : 0
      },
      "status" : "skipped",
      "steps" : [ ],
      "attachments" : [ ],
      "parameters" : [ ],
      "stepsCount" : 0,
      "attachmentsCount" : 0,
      "shouldDisplayMessage" : false,
      "hasContent" : false
    } ],
    "attachments" : [ ],
    "parameters" : [ ],
    "stepsCount" : 8,
    "attachmentsCount" : 0,
    "shouldDisplayMessage" : false,
    "hasContent" : true
  },
  "afterStages" : [ ],
  "labels" : [ {
    "name" : "severity",
    "value" : "normal"
  }, {
    "name" : "feature",
    "value" : "Verify Login is valid"
  }, {
    "name" : "framework",
    "value" : "behave"
  }, {
    "name" : "language",
    "value" : "cpython3"
  }, {
    "name" : "resultFormat",
    "value" : "allure2"
  } ],
  "parameters" : [ {
    "name" : "passWord",
    "value" : "password2"
  }, {
    "name" : "userName",
    "value" : "Sarah Lim"
  } ],
  "links" : [ ],
  "hidden" : false,
  "retry" : false,
  "extra" : {
    "severity" : "normal",
    "retries" : [ ],
    "categories" : [ {
      "name" : "Test defects",
      "matchedStatuses" : [ ],
      "flaky" : false
    } ],
    "tags" : [ ]
  },
  "source" : "b89e27c90f78d701.json",
  "parameterValues" : [ "password2", "Sarah Lim" ]
}