{
  "uid" : "2d6a35d31680ae8f",
  "name" : "Fill in student login with one incorrect userName data",
  "fullName" : "Verify Login is valid: Fill in student login with one incorrect userName data",
  "historyId" : "694a16d8783e3102fa429ceb7f6a7ec2",
  "time" : {
    "start" : 1738907323611,
    "stop" : 1738907333873,
    "duration" : 10262
  },
  "status" : "broken",
  "statusMessage" : "selenium.common.exceptions.TimeoutException: Message: \nStacktrace:\n#0 0x55f92bbaf53a <unknown>\n#1 0x55f92b6aaf00 <unknown>\n#2 0x55f92b6fac0c <unknown>\n#3 0x55f92b6fae31 <unknown>\n#4 0x55f92b740bd4 <unknown>\n#5 0x55f92b71f5cd <unknown>\n#6 0x55f92b73df84 <unknown>\n#7 0x55f92b71f343 <unknown>\n#8 0x55f92b6ec78a <unknown>\n#9 0x55f92b6ed9de <unknown>\n#10 0x55f92bb792cb <unknown>\n#11 0x55f92bb7d242 <unknown>\n#12 0x55f92bb667ac <unknown>\n#13 0x55f92bb7ddf7 <unknown>\n#14 0x55f92bb4ab2f <unknown>\n#15 0x55f92bb9e1a8 <unknown>\n#16 0x55f92bb9e370 <unknown>\n#17 0x55f92bbae3b6 <unknown>\n#18 0x7f7c9fc9ca94 <unknown>\n#19 0x7f7c9fd29c3c <unknown>\n\n",
  "statusTrace" : "  File \"/opt/hostedtoolcache/Python/3.11.11/x64/lib/python3.11/site-packages/behave/model.py\", line 1329, in run\n    match.run(runner.context)\n  File \"/opt/hostedtoolcache/Python/3.11.11/x64/lib/python3.11/site-packages/behave/matchers.py\", line 98, in run\n    self.func(context, *args, **kwargs)\n  File \"tests/features/steps/login-steps.py\", line 87, in step_verify_no_console_errors\n    username_field = wait_for_element(context, (By.ID, \"InputUsername\"))\n                     ^^^^^^^^^^^^^^^^^^^^^^^^^^^^^^^^^^^^^^^^^^^^^^^^^^^\n  File \"tests/features/steps/login-steps.py\", line 64, in wait_for_element\n    element = WebDriverWait(context.driver, timeout).until(\n              ^^^^^^^^^^^^^^^^^^^^^^^^^^^^^^^^^^^^^^^^^^^^^\n  File \"/opt/hostedtoolcache/Python/3.11.11/x64/lib/python3.11/site-packages/selenium/webdriver/support/wait.py\", line 146, in until\n    raise TimeoutException(message, screen, stacktrace)\n",
  "flaky" : false,
  "newFailed" : false,
  "beforeStages" : [ ],
  "testStage" : {
    "status" : "broken",
    "statusMessage" : "selenium.common.exceptions.TimeoutException: Message: \nStacktrace:\n#0 0x55f92bbaf53a <unknown>\n#1 0x55f92b6aaf00 <unknown>\n#2 0x55f92b6fac0c <unknown>\n#3 0x55f92b6fae31 <unknown>\n#4 0x55f92b740bd4 <unknown>\n#5 0x55f92b71f5cd <unknown>\n#6 0x55f92b73df84 <unknown>\n#7 0x55f92b71f343 <unknown>\n#8 0x55f92b6ec78a <unknown>\n#9 0x55f92b6ed9de <unknown>\n#10 0x55f92bb792cb <unknown>\n#11 0x55f92bb7d242 <unknown>\n#12 0x55f92bb667ac <unknown>\n#13 0x55f92bb7ddf7 <unknown>\n#14 0x55f92bb4ab2f <unknown>\n#15 0x55f92bb9e1a8 <unknown>\n#16 0x55f92bb9e370 <unknown>\n#17 0x55f92bbae3b6 <unknown>\n#18 0x7f7c9fc9ca94 <unknown>\n#19 0x7f7c9fd29c3c <unknown>\n\n",
    "statusTrace" : "  File \"/opt/hostedtoolcache/Python/3.11.11/x64/lib/python3.11/site-packages/behave/model.py\", line 1329, in run\n    match.run(runner.context)\n  File \"/opt/hostedtoolcache/Python/3.11.11/x64/lib/python3.11/site-packages/behave/matchers.py\", line 98, in run\n    self.func(context, *args, **kwargs)\n  File \"tests/features/steps/login-steps.py\", line 87, in step_verify_no_console_errors\n    username_field = wait_for_element(context, (By.ID, \"InputUsername\"))\n                     ^^^^^^^^^^^^^^^^^^^^^^^^^^^^^^^^^^^^^^^^^^^^^^^^^^^\n  File \"tests/features/steps/login-steps.py\", line 64, in wait_for_element\n    element = WebDriverWait(context.driver, timeout).until(\n              ^^^^^^^^^^^^^^^^^^^^^^^^^^^^^^^^^^^^^^^^^^^^^\n  File \"/opt/hostedtoolcache/Python/3.11.11/x64/lib/python3.11/site-packages/selenium/webdriver/support/wait.py\", line 146, in until\n    raise TimeoutException(message, screen, stacktrace)\n",
    "steps" : [ {
      "name" : "Given Chrome browser is launch",
      "time" : {
        "start" : 1738907323612,
        "stop" : 1738907323635,
        "duration" : 23
      },
      "status" : "passed",
      "steps" : [ ],
      "attachments" : [ ],
      "parameters" : [ ],
      "shouldDisplayMessage" : false,
      "hasContent" : false,
      "stepsCount" : 0,
      "attachmentsCount" : 0
    }, {
      "name" : "Given Browser console logging is enabled for error tracking",
      "time" : {
        "start" : 1738907323636,
        "stop" : 1738907323636,
        "duration" : 0
      },
      "status" : "passed",
      "steps" : [ ],
      "attachments" : [ ],
      "parameters" : [ ],
      "shouldDisplayMessage" : false,
      "hasContent" : false,
      "stepsCount" : 0,
      "attachmentsCount" : 0
    }, {
      "name" : "Then Verify page loads without console errors",
      "time" : {
        "start" : 1738907323636,
        "stop" : 1738907333872,
        "duration" : 10236
      },
      "status" : "broken",
      "statusMessage" : "selenium.common.exceptions.TimeoutException: Message: \nStacktrace:\n#0 0x55f92bbaf53a <unknown>\n#1 0x55f92b6aaf00 <unknown>\n#2 0x55f92b6fac0c <unknown>\n#3 0x55f92b6fae31 <unknown>\n#4 0x55f92b740bd4 <unknown>\n#5 0x55f92b71f5cd <unknown>\n#6 0x55f92b73df84 <unknown>\n#7 0x55f92b71f343 <unknown>\n#8 0x55f92b6ec78a <unknown>\n#9 0x55f92b6ed9de <unknown>\n#10 0x55f92bb792cb <unknown>\n#11 0x55f92bb7d242 <unknown>\n#12 0x55f92bb667ac <unknown>\n#13 0x55f92bb7ddf7 <unknown>\n#14 0x55f92bb4ab2f <unknown>\n#15 0x55f92bb9e1a8 <unknown>\n#16 0x55f92bb9e370 <unknown>\n#17 0x55f92bbae3b6 <unknown>\n#18 0x7f7c9fc9ca94 <unknown>\n#19 0x7f7c9fd29c3c <unknown>\n\n",
      "statusTrace" : "  File \"/opt/hostedtoolcache/Python/3.11.11/x64/lib/python3.11/site-packages/behave/model.py\", line 1329, in run\n    match.run(runner.context)\n  File \"/opt/hostedtoolcache/Python/3.11.11/x64/lib/python3.11/site-packages/behave/matchers.py\", line 98, in run\n    self.func(context, *args, **kwargs)\n  File \"tests/features/steps/login-steps.py\", line 87, in step_verify_no_console_errors\n    username_field = wait_for_element(context, (By.ID, \"InputUsername\"))\n                     ^^^^^^^^^^^^^^^^^^^^^^^^^^^^^^^^^^^^^^^^^^^^^^^^^^^\n  File \"tests/features/steps/login-steps.py\", line 64, in wait_for_element\n    element = WebDriverWait(context.driver, timeout).until(\n              ^^^^^^^^^^^^^^^^^^^^^^^^^^^^^^^^^^^^^^^^^^^^^\n  File \"/opt/hostedtoolcache/Python/3.11.11/x64/lib/python3.11/site-packages/selenium/webdriver/support/wait.py\", line 146, in until\n    raise TimeoutException(message, screen, stacktrace)\n",
      "steps" : [ ],
      "attachments" : [ ],
      "parameters" : [ ],
      "shouldDisplayMessage" : true,
      "hasContent" : true,
      "stepsCount" : 0,
      "attachmentsCount" : 0
    }, {
      "name" : "When Open Login Page",
      "time" : {
        "start" : 1738907333873,
        "stop" : 1738907333873,
        "duration" : 0
      },
      "status" : "skipped",
      "steps" : [ ],
      "attachments" : [ ],
      "parameters" : [ ],
      "shouldDisplayMessage" : false,
      "hasContent" : false,
      "stepsCount" : 0,
      "attachmentsCount" : 0
    }, {
      "name" : "Then Input userName \"A1234567X\" and passWord \"password1\"",
      "time" : {
        "start" : 1738907333873,
        "stop" : 1738907333873,
        "duration" : 0
      },
      "status" : "skipped",
      "steps" : [ ],
      "attachments" : [ ],
      "parameters" : [ ],
      "shouldDisplayMessage" : false,
      "hasContent" : false,
      "stepsCount" : 0,
      "attachmentsCount" : 0
    }, {
      "name" : "And Submit form",
      "time" : {
        "start" : 1738907333873,
        "stop" : 1738907333873,
        "duration" : 0
      },
      "status" : "skipped",
      "steps" : [ ],
      "attachments" : [ ],
      "parameters" : [ ],
      "shouldDisplayMessage" : false,
      "hasContent" : false,
      "stepsCount" : 0,
      "attachmentsCount" : 0
    }, {
      "name" : "And Verify failed student login",
      "time" : {
        "start" : 1738907333873,
        "stop" : 1738907333873,
        "duration" : 0
      },
      "status" : "skipped",
      "steps" : [ ],
      "attachments" : [ ],
      "parameters" : [ ],
      "shouldDisplayMessage" : false,
      "hasContent" : false,
      "stepsCount" : 0,
      "attachmentsCount" : 0
    }, {
      "name" : "And Close browser",
      "time" : {
        "start" : 1738907333873,
        "stop" : 1738907333873,
        "duration" : 0
      },
      "status" : "skipped",
      "steps" : [ ],
      "attachments" : [ ],
      "parameters" : [ ],
      "shouldDisplayMessage" : false,
      "hasContent" : false,
      "stepsCount" : 0,
      "attachmentsCount" : 0
    } ],
    "attachments" : [ ],
    "parameters" : [ ],
    "shouldDisplayMessage" : false,
    "hasContent" : true,
    "stepsCount" : 8,
    "attachmentsCount" : 0
  },
  "afterStages" : [ ],
  "labels" : [ {
    "name" : "severity",
    "value" : "normal"
  }, {
    "name" : "feature",
    "value" : "Verify Login is valid"
  }, {
    "name" : "framework",
    "value" : "behave"
  }, {
    "name" : "language",
    "value" : "cpython3"
  }, {
    "name" : "resultFormat",
    "value" : "allure2"
  } ],
  "parameters" : [ ],
  "links" : [ ],
  "hidden" : false,
  "retry" : false,
  "extra" : {
    "severity" : "normal",
    "retries" : [ ],
    "categories" : [ {
      "name" : "Test defects",
      "matchedStatuses" : [ ],
      "flaky" : false
    } ],
    "tags" : [ ]
  },
  "source" : "2d6a35d31680ae8f.json",
  "parameterValues" : [ ]
}