{
  "uid" : "7c67fc70c22f9f8",
  "name" : "Check Login title",
  "fullName" : "Verify Login is valid: Check Login title",
  "historyId" : "bf8bd00354bfb1ece039b07d8165f522",
  "time" : {
    "start" : 1738907312684,
    "stop" : 1738907323611,
    "duration" : 10927
  },
  "status" : "broken",
  "statusMessage" : "selenium.common.exceptions.TimeoutException: Message: \nStacktrace:\n#0 0x55f19324b53a <unknown>\n#1 0x55f192d46f00 <unknown>\n#2 0x55f192d96c0c <unknown>\n#3 0x55f192d96e31 <unknown>\n#4 0x55f192ddcbd4 <unknown>\n#5 0x55f192dbb5cd <unknown>\n#6 0x55f192dd9f84 <unknown>\n#7 0x55f192dbb343 <unknown>\n#8 0x55f192d8878a <unknown>\n#9 0x55f192d899de <unknown>\n#10 0x55f1932152cb <unknown>\n#11 0x55f193219242 <unknown>\n#12 0x55f1932027ac <unknown>\n#13 0x55f193219df7 <unknown>\n#14 0x55f1931e6b2f <unknown>\n#15 0x55f19323a1a8 <unknown>\n#16 0x55f19323a370 <unknown>\n#17 0x55f19324a3b6 <unknown>\n#18 0x7fac6749ca94 <unknown>\n#19 0x7fac67529c3c <unknown>\n\n",
  "statusTrace" : "  File \"/opt/hostedtoolcache/Python/3.11.11/x64/lib/python3.11/site-packages/behave/model.py\", line 1329, in run\n    match.run(runner.context)\n  File \"/opt/hostedtoolcache/Python/3.11.11/x64/lib/python3.11/site-packages/behave/matchers.py\", line 98, in run\n    self.func(context, *args, **kwargs)\n  File \"tests/features/steps/login-steps.py\", line 87, in step_verify_no_console_errors\n    username_field = wait_for_element(context, (By.ID, \"InputUsername\"))\n                     ^^^^^^^^^^^^^^^^^^^^^^^^^^^^^^^^^^^^^^^^^^^^^^^^^^^\n  File \"tests/features/steps/login-steps.py\", line 64, in wait_for_element\n    element = WebDriverWait(context.driver, timeout).until(\n              ^^^^^^^^^^^^^^^^^^^^^^^^^^^^^^^^^^^^^^^^^^^^^\n  File \"/opt/hostedtoolcache/Python/3.11.11/x64/lib/python3.11/site-packages/selenium/webdriver/support/wait.py\", line 146, in until\n    raise TimeoutException(message, screen, stacktrace)\n",
  "flaky" : false,
  "newFailed" : false,
  "beforeStages" : [ ],
  "testStage" : {
    "status" : "broken",
    "statusMessage" : "selenium.common.exceptions.TimeoutException: Message: \nStacktrace:\n#0 0x55f19324b53a <unknown>\n#1 0x55f192d46f00 <unknown>\n#2 0x55f192d96c0c <unknown>\n#3 0x55f192d96e31 <unknown>\n#4 0x55f192ddcbd4 <unknown>\n#5 0x55f192dbb5cd <unknown>\n#6 0x55f192dd9f84 <unknown>\n#7 0x55f192dbb343 <unknown>\n#8 0x55f192d8878a <unknown>\n#9 0x55f192d899de <unknown>\n#10 0x55f1932152cb <unknown>\n#11 0x55f193219242 <unknown>\n#12 0x55f1932027ac <unknown>\n#13 0x55f193219df7 <unknown>\n#14 0x55f1931e6b2f <unknown>\n#15 0x55f19323a1a8 <unknown>\n#16 0x55f19323a370 <unknown>\n#17 0x55f19324a3b6 <unknown>\n#18 0x7fac6749ca94 <unknown>\n#19 0x7fac67529c3c <unknown>\n\n",
    "statusTrace" : "  File \"/opt/hostedtoolcache/Python/3.11.11/x64/lib/python3.11/site-packages/behave/model.py\", line 1329, in run\n    match.run(runner.context)\n  File \"/opt/hostedtoolcache/Python/3.11.11/x64/lib/python3.11/site-packages/behave/matchers.py\", line 98, in run\n    self.func(context, *args, **kwargs)\n  File \"tests/features/steps/login-steps.py\", line 87, in step_verify_no_console_errors\n    username_field = wait_for_element(context, (By.ID, \"InputUsername\"))\n                     ^^^^^^^^^^^^^^^^^^^^^^^^^^^^^^^^^^^^^^^^^^^^^^^^^^^\n  File \"tests/features/steps/login-steps.py\", line 64, in wait_for_element\n    element = WebDriverWait(context.driver, timeout).until(\n              ^^^^^^^^^^^^^^^^^^^^^^^^^^^^^^^^^^^^^^^^^^^^^\n  File \"/opt/hostedtoolcache/Python/3.11.11/x64/lib/python3.11/site-packages/selenium/webdriver/support/wait.py\", line 146, in until\n    raise TimeoutException(message, screen, stacktrace)\n",
    "steps" : [ {
      "name" : "Given Chrome browser is launch",
      "time" : {
        "start" : 1738907312684,
        "stop" : 1738907313368,
        "duration" : 684
      },
      "status" : "passed",
      "steps" : [ ],
      "attachments" : [ ],
      "parameters" : [ ],
      "shouldDisplayMessage" : false,
      "hasContent" : false,
      "stepsCount" : 0,
      "attachmentsCount" : 0
    }, {
      "name" : "Given Browser console logging is enabled for error tracking",
      "time" : {
        "start" : 1738907313368,
        "stop" : 1738907313368,
        "duration" : 0
      },
      "status" : "passed",
      "steps" : [ ],
      "attachments" : [ ],
      "parameters" : [ ],
      "shouldDisplayMessage" : false,
      "hasContent" : false,
      "stepsCount" : 0,
      "attachmentsCount" : 0
    }, {
      "name" : "Then Verify page loads without console errors",
      "time" : {
        "start" : 1738907313368,
        "stop" : 1738907323610,
        "duration" : 10242
      },
      "status" : "broken",
      "statusMessage" : "selenium.common.exceptions.TimeoutException: Message: \nStacktrace:\n#0 0x55f19324b53a <unknown>\n#1 0x55f192d46f00 <unknown>\n#2 0x55f192d96c0c <unknown>\n#3 0x55f192d96e31 <unknown>\n#4 0x55f192ddcbd4 <unknown>\n#5 0x55f192dbb5cd <unknown>\n#6 0x55f192dd9f84 <unknown>\n#7 0x55f192dbb343 <unknown>\n#8 0x55f192d8878a <unknown>\n#9 0x55f192d899de <unknown>\n#10 0x55f1932152cb <unknown>\n#11 0x55f193219242 <unknown>\n#12 0x55f1932027ac <unknown>\n#13 0x55f193219df7 <unknown>\n#14 0x55f1931e6b2f <unknown>\n#15 0x55f19323a1a8 <unknown>\n#16 0x55f19323a370 <unknown>\n#17 0x55f19324a3b6 <unknown>\n#18 0x7fac6749ca94 <unknown>\n#19 0x7fac67529c3c <unknown>\n\n",
      "statusTrace" : "  File \"/opt/hostedtoolcache/Python/3.11.11/x64/lib/python3.11/site-packages/behave/model.py\", line 1329, in run\n    match.run(runner.context)\n  File \"/opt/hostedtoolcache/Python/3.11.11/x64/lib/python3.11/site-packages/behave/matchers.py\", line 98, in run\n    self.func(context, *args, **kwargs)\n  File \"tests/features/steps/login-steps.py\", line 87, in step_verify_no_console_errors\n    username_field = wait_for_element(context, (By.ID, \"InputUsername\"))\n                     ^^^^^^^^^^^^^^^^^^^^^^^^^^^^^^^^^^^^^^^^^^^^^^^^^^^\n  File \"tests/features/steps/login-steps.py\", line 64, in wait_for_element\n    element = WebDriverWait(context.driver, timeout).until(\n              ^^^^^^^^^^^^^^^^^^^^^^^^^^^^^^^^^^^^^^^^^^^^^\n  File \"/opt/hostedtoolcache/Python/3.11.11/x64/lib/python3.11/site-packages/selenium/webdriver/support/wait.py\", line 146, in until\n    raise TimeoutException(message, screen, stacktrace)\n",
      "steps" : [ ],
      "attachments" : [ ],
      "parameters" : [ ],
      "shouldDisplayMessage" : true,
      "hasContent" : true,
      "stepsCount" : 0,
      "attachmentsCount" : 0
    }, {
      "name" : "When Open Login Page",
      "time" : {
        "start" : 1738907323611,
        "stop" : 1738907323611,
        "duration" : 0
      },
      "status" : "skipped",
      "steps" : [ ],
      "attachments" : [ ],
      "parameters" : [ ],
      "shouldDisplayMessage" : false,
      "hasContent" : false,
      "stepsCount" : 0,
      "attachmentsCount" : 0
    }, {
      "name" : "Then Verify Login title is present",
      "time" : {
        "start" : 1738907323611,
        "stop" : 1738907323611,
        "duration" : 0
      },
      "status" : "skipped",
      "steps" : [ ],
      "attachments" : [ ],
      "parameters" : [ ],
      "shouldDisplayMessage" : false,
      "hasContent" : false,
      "stepsCount" : 0,
      "attachmentsCount" : 0
    }, {
      "name" : "And Close browser",
      "time" : {
        "start" : 1738907323611,
        "stop" : 1738907323611,
        "duration" : 0
      },
      "status" : "skipped",
      "steps" : [ ],
      "attachments" : [ ],
      "parameters" : [ ],
      "shouldDisplayMessage" : false,
      "hasContent" : false,
      "stepsCount" : 0,
      "attachmentsCount" : 0
    } ],
    "attachments" : [ ],
    "parameters" : [ ],
    "shouldDisplayMessage" : false,
    "hasContent" : true,
    "stepsCount" : 6,
    "attachmentsCount" : 0
  },
  "afterStages" : [ ],
  "labels" : [ {
    "name" : "severity",
    "value" : "normal"
  }, {
    "name" : "feature",
    "value" : "Verify Login is valid"
  }, {
    "name" : "framework",
    "value" : "behave"
  }, {
    "name" : "language",
    "value" : "cpython3"
  }, {
    "name" : "resultFormat",
    "value" : "allure2"
  } ],
  "parameters" : [ ],
  "links" : [ ],
  "hidden" : false,
  "retry" : false,
  "extra" : {
    "severity" : "normal",
    "retries" : [ ],
    "categories" : [ {
      "name" : "Test defects",
      "matchedStatuses" : [ ],
      "flaky" : false
    } ],
    "tags" : [ ]
  },
  "source" : "7c67fc70c22f9f8.json",
  "parameterValues" : [ ]
}