{
  "uid" : "161711d6a649537e",
  "name" : "Check Login title",
  "fullName" : "Verify Login is valid: Check Login title",
  "historyId" : "bf8bd00354bfb1ece039b07d8165f522",
  "time" : {
    "start" : 1738907916134,
    "stop" : 1738907927581,
    "duration" : 11447
  },
  "status" : "broken",
  "statusMessage" : "selenium.common.exceptions.TimeoutException: Message: \nStacktrace:\n#0 0x559191a2e53a <unknown>\n#1 0x559191529f00 <unknown>\n#2 0x559191579c0c <unknown>\n#3 0x559191579e31 <unknown>\n#4 0x5591915bfbd4 <unknown>\n#5 0x55919159e5cd <unknown>\n#6 0x5591915bcf84 <unknown>\n#7 0x55919159e343 <unknown>\n#8 0x55919156b78a <unknown>\n#9 0x55919156c9de <unknown>\n#10 0x5591919f82cb <unknown>\n#11 0x5591919fc242 <unknown>\n#12 0x5591919e57ac <unknown>\n#13 0x5591919fcdf7 <unknown>\n#14 0x5591919c9b2f <unknown>\n#15 0x559191a1d1a8 <unknown>\n#16 0x559191a1d370 <unknown>\n#17 0x559191a2d3b6 <unknown>\n#18 0x7f83d5e9ca94 <unknown>\n#19 0x7f83d5f29c3c <unknown>\n\n",
  "statusTrace" : "  File \"/opt/hostedtoolcache/Python/3.11.11/x64/lib/python3.11/site-packages/behave/model.py\", line 1329, in run\n    match.run(runner.context)\n  File \"/opt/hostedtoolcache/Python/3.11.11/x64/lib/python3.11/site-packages/behave/matchers.py\", line 98, in run\n    self.func(context, *args, **kwargs)\n  File \"tests/features/steps/login-steps.py\", line 87, in step_verify_no_console_errors\n    username_field = wait_for_element(context, (By.ID, \"InputUsername\"))\n                     ^^^^^^^^^^^^^^^^^^^^^^^^^^^^^^^^^^^^^^^^^^^^^^^^^^^\n  File \"tests/features/steps/login-steps.py\", line 64, in wait_for_element\n    element = WebDriverWait(context.driver, timeout).until(\n              ^^^^^^^^^^^^^^^^^^^^^^^^^^^^^^^^^^^^^^^^^^^^^\n  File \"/opt/hostedtoolcache/Python/3.11.11/x64/lib/python3.11/site-packages/selenium/webdriver/support/wait.py\", line 146, in until\n    raise TimeoutException(message, screen, stacktrace)\n",
  "flaky" : false,
  "newFailed" : false,
  "beforeStages" : [ ],
  "testStage" : {
    "status" : "broken",
    "statusMessage" : "selenium.common.exceptions.TimeoutException: Message: \nStacktrace:\n#0 0x559191a2e53a <unknown>\n#1 0x559191529f00 <unknown>\n#2 0x559191579c0c <unknown>\n#3 0x559191579e31 <unknown>\n#4 0x5591915bfbd4 <unknown>\n#5 0x55919159e5cd <unknown>\n#6 0x5591915bcf84 <unknown>\n#7 0x55919159e343 <unknown>\n#8 0x55919156b78a <unknown>\n#9 0x55919156c9de <unknown>\n#10 0x5591919f82cb <unknown>\n#11 0x5591919fc242 <unknown>\n#12 0x5591919e57ac <unknown>\n#13 0x5591919fcdf7 <unknown>\n#14 0x5591919c9b2f <unknown>\n#15 0x559191a1d1a8 <unknown>\n#16 0x559191a1d370 <unknown>\n#17 0x559191a2d3b6 <unknown>\n#18 0x7f83d5e9ca94 <unknown>\n#19 0x7f83d5f29c3c <unknown>\n\n",
    "statusTrace" : "  File \"/opt/hostedtoolcache/Python/3.11.11/x64/lib/python3.11/site-packages/behave/model.py\", line 1329, in run\n    match.run(runner.context)\n  File \"/opt/hostedtoolcache/Python/3.11.11/x64/lib/python3.11/site-packages/behave/matchers.py\", line 98, in run\n    self.func(context, *args, **kwargs)\n  File \"tests/features/steps/login-steps.py\", line 87, in step_verify_no_console_errors\n    username_field = wait_for_element(context, (By.ID, \"InputUsername\"))\n                     ^^^^^^^^^^^^^^^^^^^^^^^^^^^^^^^^^^^^^^^^^^^^^^^^^^^\n  File \"tests/features/steps/login-steps.py\", line 64, in wait_for_element\n    element = WebDriverWait(context.driver, timeout).until(\n              ^^^^^^^^^^^^^^^^^^^^^^^^^^^^^^^^^^^^^^^^^^^^^\n  File \"/opt/hostedtoolcache/Python/3.11.11/x64/lib/python3.11/site-packages/selenium/webdriver/support/wait.py\", line 146, in until\n    raise TimeoutException(message, screen, stacktrace)\n",
    "steps" : [ {
      "name" : "Given Chrome browser is launch",
      "time" : {
        "start" : 1738907916134,
        "stop" : 1738907917333,
        "duration" : 1199
      },
      "status" : "passed",
      "steps" : [ ],
      "attachments" : [ ],
      "parameters" : [ ],
      "stepsCount" : 0,
      "attachmentsCount" : 0,
      "shouldDisplayMessage" : false,
      "hasContent" : false
    }, {
      "name" : "Given Browser console logging is enabled for error tracking",
      "time" : {
        "start" : 1738907917333,
        "stop" : 1738907917333,
        "duration" : 0
      },
      "status" : "passed",
      "steps" : [ ],
      "attachments" : [ ],
      "parameters" : [ ],
      "stepsCount" : 0,
      "attachmentsCount" : 0,
      "shouldDisplayMessage" : false,
      "hasContent" : false
    }, {
      "name" : "Then Verify page loads without console errors",
      "time" : {
        "start" : 1738907917333,
        "stop" : 1738907927581,
        "duration" : 10248
      },
      "status" : "broken",
      "statusMessage" : "selenium.common.exceptions.TimeoutException: Message: \nStacktrace:\n#0 0x559191a2e53a <unknown>\n#1 0x559191529f00 <unknown>\n#2 0x559191579c0c <unknown>\n#3 0x559191579e31 <unknown>\n#4 0x5591915bfbd4 <unknown>\n#5 0x55919159e5cd <unknown>\n#6 0x5591915bcf84 <unknown>\n#7 0x55919159e343 <unknown>\n#8 0x55919156b78a <unknown>\n#9 0x55919156c9de <unknown>\n#10 0x5591919f82cb <unknown>\n#11 0x5591919fc242 <unknown>\n#12 0x5591919e57ac <unknown>\n#13 0x5591919fcdf7 <unknown>\n#14 0x5591919c9b2f <unknown>\n#15 0x559191a1d1a8 <unknown>\n#16 0x559191a1d370 <unknown>\n#17 0x559191a2d3b6 <unknown>\n#18 0x7f83d5e9ca94 <unknown>\n#19 0x7f83d5f29c3c <unknown>\n\n",
      "statusTrace" : "  File \"/opt/hostedtoolcache/Python/3.11.11/x64/lib/python3.11/site-packages/behave/model.py\", line 1329, in run\n    match.run(runner.context)\n  File \"/opt/hostedtoolcache/Python/3.11.11/x64/lib/python3.11/site-packages/behave/matchers.py\", line 98, in run\n    self.func(context, *args, **kwargs)\n  File \"tests/features/steps/login-steps.py\", line 87, in step_verify_no_console_errors\n    username_field = wait_for_element(context, (By.ID, \"InputUsername\"))\n                     ^^^^^^^^^^^^^^^^^^^^^^^^^^^^^^^^^^^^^^^^^^^^^^^^^^^\n  File \"tests/features/steps/login-steps.py\", line 64, in wait_for_element\n    element = WebDriverWait(context.driver, timeout).until(\n              ^^^^^^^^^^^^^^^^^^^^^^^^^^^^^^^^^^^^^^^^^^^^^\n  File \"/opt/hostedtoolcache/Python/3.11.11/x64/lib/python3.11/site-packages/selenium/webdriver/support/wait.py\", line 146, in until\n    raise TimeoutException(message, screen, stacktrace)\n",
      "steps" : [ ],
      "attachments" : [ ],
      "parameters" : [ ],
      "stepsCount" : 0,
      "attachmentsCount" : 0,
      "shouldDisplayMessage" : true,
      "hasContent" : true
    }, {
      "name" : "When Open Login Page",
      "time" : {
        "start" : 1738907927581,
        "stop" : 1738907927581,
        "duration" : 0
      },
      "status" : "skipped",
      "steps" : [ ],
      "attachments" : [ ],
      "parameters" : [ ],
      "stepsCount" : 0,
      "attachmentsCount" : 0,
      "shouldDisplayMessage" : false,
      "hasContent" : false
    }, {
      "name" : "Then Verify Login title is present",
      "time" : {
        "start" : 1738907927581,
        "stop" : 1738907927581,
        "duration" : 0
      },
      "status" : "skipped",
      "steps" : [ ],
      "attachments" : [ ],
      "parameters" : [ ],
      "stepsCount" : 0,
      "attachmentsCount" : 0,
      "shouldDisplayMessage" : false,
      "hasContent" : false
    }, {
      "name" : "And Close browser",
      "time" : {
        "start" : 1738907927581,
        "stop" : 1738907927581,
        "duration" : 0
      },
      "status" : "skipped",
      "steps" : [ ],
      "attachments" : [ ],
      "parameters" : [ ],
      "stepsCount" : 0,
      "attachmentsCount" : 0,
      "shouldDisplayMessage" : false,
      "hasContent" : false
    } ],
    "attachments" : [ ],
    "parameters" : [ ],
    "stepsCount" : 6,
    "attachmentsCount" : 0,
    "shouldDisplayMessage" : false,
    "hasContent" : true
  },
  "afterStages" : [ ],
  "labels" : [ {
    "name" : "severity",
    "value" : "normal"
  }, {
    "name" : "feature",
    "value" : "Verify Login is valid"
  }, {
    "name" : "framework",
    "value" : "behave"
  }, {
    "name" : "language",
    "value" : "cpython3"
  }, {
    "name" : "resultFormat",
    "value" : "allure2"
  } ],
  "parameters" : [ ],
  "links" : [ ],
  "hidden" : false,
  "retry" : false,
  "extra" : {
    "severity" : "normal",
    "retries" : [ ],
    "categories" : [ {
      "name" : "Test defects",
      "matchedStatuses" : [ ],
      "flaky" : false
    } ],
    "tags" : [ ]
  },
  "source" : "161711d6a649537e.json",
  "parameterValues" : [ ]
}