{
  "uid" : "2aa8929ed17394bb",
  "name" : "Fill in admin login with one correct user data",
  "fullName" : "Verify Login is valid: Fill in admin login with one correct user data",
  "historyId" : "fe6f588b76fa1e1af42187d89229b268",
  "time" : {
    "start" : 1739155542635,
    "stop" : 1739155542837,
    "duration" : 202
  },
  "status" : "broken",
  "statusMessage" : "selenium.common.exceptions.SessionNotCreatedException: Message: session not created: probably user data directory is already in use, please specify a unique value for --user-data-dir argument, or don't use --user-data-dir\nStacktrace:\n#0 0x5605bb64f53a <unknown>\n#1 0x5605bb14af00 <unknown>\n#2 0x5605bb181c53 <unknown>\n#3 0x5605bb17e4b6 <unknown>\n#4 0x5605bb1cb7b6 <unknown>\n#5 0x5605bb1cae06 <unknown>\n#6 0x5605bb1bf343 <unknown>\n#7 0x5605bb18c78a <unknown>\n#8 0x5605bb18d9de <unknown>\n#9 0x5605bb6192cb <unknown>\n#10 0x5605bb61d242 <unknown>\n#11 0x5605bb6067ac <unknown>\n#12 0x5605bb61ddf7 <unknown>\n#13 0x5605bb5eab2f <unknown>\n#14 0x5605bb63e1a8 <unknown>\n#15 0x5605bb63e370 <unknown>\n#16 0x5605bb64e3b6 <unknown>\n#17 0x7f3e3409ca94 <unknown>\n#18 0x7f3e34129c3c <unknown>\n\n",
  "statusTrace" : "  File \"/opt/hostedtoolcache/Python/3.11.11/x64/lib/python3.11/site-packages/behave/model.py\", line 1329, in run\n    match.run(runner.context)\n  File \"/opt/hostedtoolcache/Python/3.11.11/x64/lib/python3.11/site-packages/behave/matchers.py\", line 98, in run\n    self.func(context, *args, **kwargs)\n  File \"/home/runner/work/DOPAssignment/DOPAssignment/tests/features/steps/common_steps.py\", line 10, in step_impl\n    context.driver = webdriver.Chrome()\n                     ^^^^^^^^^^^^^^^^^^\n  File \"/opt/hostedtoolcache/Python/3.11.11/x64/lib/python3.11/site-packages/selenium/webdriver/chrome/webdriver.py\", line 45, in __init__\n    super().__init__(\n  File \"/opt/hostedtoolcache/Python/3.11.11/x64/lib/python3.11/site-packages/selenium/webdriver/chromium/webdriver.py\", line 66, in __init__\n    super().__init__(command_executor=executor, options=options)\n  File \"/opt/hostedtoolcache/Python/3.11.11/x64/lib/python3.11/site-packages/selenium/webdriver/remote/webdriver.py\", line 250, in __init__\n    self.start_session(capabilities)\n  File \"/opt/hostedtoolcache/Python/3.11.11/x64/lib/python3.11/site-packages/selenium/webdriver/remote/webdriver.py\", line 342, in start_session\n    response = self.execute(Command.NEW_SESSION, caps)[\"value\"]\n               ^^^^^^^^^^^^^^^^^^^^^^^^^^^^^^^^^^^^^^^\n  File \"/opt/hostedtoolcache/Python/3.11.11/x64/lib/python3.11/site-packages/selenium/webdriver/remote/webdriver.py\", line 429, in execute\n    self.error_handler.check_response(response)\n  File \"/opt/hostedtoolcache/Python/3.11.11/x64/lib/python3.11/site-packages/selenium/webdriver/remote/errorhandler.py\", line 232, in check_response\n    raise exception_class(message, screen, stacktrace)\n",
  "flaky" : false,
  "newFailed" : false,
  "beforeStages" : [ ],
  "testStage" : {
    "status" : "broken",
    "statusMessage" : "selenium.common.exceptions.SessionNotCreatedException: Message: session not created: probably user data directory is already in use, please specify a unique value for --user-data-dir argument, or don't use --user-data-dir\nStacktrace:\n#0 0x5605bb64f53a <unknown>\n#1 0x5605bb14af00 <unknown>\n#2 0x5605bb181c53 <unknown>\n#3 0x5605bb17e4b6 <unknown>\n#4 0x5605bb1cb7b6 <unknown>\n#5 0x5605bb1cae06 <unknown>\n#6 0x5605bb1bf343 <unknown>\n#7 0x5605bb18c78a <unknown>\n#8 0x5605bb18d9de <unknown>\n#9 0x5605bb6192cb <unknown>\n#10 0x5605bb61d242 <unknown>\n#11 0x5605bb6067ac <unknown>\n#12 0x5605bb61ddf7 <unknown>\n#13 0x5605bb5eab2f <unknown>\n#14 0x5605bb63e1a8 <unknown>\n#15 0x5605bb63e370 <unknown>\n#16 0x5605bb64e3b6 <unknown>\n#17 0x7f3e3409ca94 <unknown>\n#18 0x7f3e34129c3c <unknown>\n\n",
    "statusTrace" : "  File \"/opt/hostedtoolcache/Python/3.11.11/x64/lib/python3.11/site-packages/behave/model.py\", line 1329, in run\n    match.run(runner.context)\n  File \"/opt/hostedtoolcache/Python/3.11.11/x64/lib/python3.11/site-packages/behave/matchers.py\", line 98, in run\n    self.func(context, *args, **kwargs)\n  File \"/home/runner/work/DOPAssignment/DOPAssignment/tests/features/steps/common_steps.py\", line 10, in step_impl\n    context.driver = webdriver.Chrome()\n                     ^^^^^^^^^^^^^^^^^^\n  File \"/opt/hostedtoolcache/Python/3.11.11/x64/lib/python3.11/site-packages/selenium/webdriver/chrome/webdriver.py\", line 45, in __init__\n    super().__init__(\n  File \"/opt/hostedtoolcache/Python/3.11.11/x64/lib/python3.11/site-packages/selenium/webdriver/chromium/webdriver.py\", line 66, in __init__\n    super().__init__(command_executor=executor, options=options)\n  File \"/opt/hostedtoolcache/Python/3.11.11/x64/lib/python3.11/site-packages/selenium/webdriver/remote/webdriver.py\", line 250, in __init__\n    self.start_session(capabilities)\n  File \"/opt/hostedtoolcache/Python/3.11.11/x64/lib/python3.11/site-packages/selenium/webdriver/remote/webdriver.py\", line 342, in start_session\n    response = self.execute(Command.NEW_SESSION, caps)[\"value\"]\n               ^^^^^^^^^^^^^^^^^^^^^^^^^^^^^^^^^^^^^^^\n  File \"/opt/hostedtoolcache/Python/3.11.11/x64/lib/python3.11/site-packages/selenium/webdriver/remote/webdriver.py\", line 429, in execute\n    self.error_handler.check_response(response)\n  File \"/opt/hostedtoolcache/Python/3.11.11/x64/lib/python3.11/site-packages/selenium/webdriver/remote/errorhandler.py\", line 232, in check_response\n    raise exception_class(message, screen, stacktrace)\n",
    "steps" : [ {
      "name" : "Given Chrome browser is launch",
      "time" : {
        "start" : 1739155542636,
        "stop" : 1739155542836,
        "duration" : 200
      },
      "status" : "broken",
      "statusMessage" : "selenium.common.exceptions.SessionNotCreatedException: Message: session not created: probably user data directory is already in use, please specify a unique value for --user-data-dir argument, or don't use --user-data-dir\nStacktrace:\n#0 0x5605bb64f53a <unknown>\n#1 0x5605bb14af00 <unknown>\n#2 0x5605bb181c53 <unknown>\n#3 0x5605bb17e4b6 <unknown>\n#4 0x5605bb1cb7b6 <unknown>\n#5 0x5605bb1cae06 <unknown>\n#6 0x5605bb1bf343 <unknown>\n#7 0x5605bb18c78a <unknown>\n#8 0x5605bb18d9de <unknown>\n#9 0x5605bb6192cb <unknown>\n#10 0x5605bb61d242 <unknown>\n#11 0x5605bb6067ac <unknown>\n#12 0x5605bb61ddf7 <unknown>\n#13 0x5605bb5eab2f <unknown>\n#14 0x5605bb63e1a8 <unknown>\n#15 0x5605bb63e370 <unknown>\n#16 0x5605bb64e3b6 <unknown>\n#17 0x7f3e3409ca94 <unknown>\n#18 0x7f3e34129c3c <unknown>\n\n",
      "statusTrace" : "  File \"/opt/hostedtoolcache/Python/3.11.11/x64/lib/python3.11/site-packages/behave/model.py\", line 1329, in run\n    match.run(runner.context)\n  File \"/opt/hostedtoolcache/Python/3.11.11/x64/lib/python3.11/site-packages/behave/matchers.py\", line 98, in run\n    self.func(context, *args, **kwargs)\n  File \"/home/runner/work/DOPAssignment/DOPAssignment/tests/features/steps/common_steps.py\", line 10, in step_impl\n    context.driver = webdriver.Chrome()\n                     ^^^^^^^^^^^^^^^^^^\n  File \"/opt/hostedtoolcache/Python/3.11.11/x64/lib/python3.11/site-packages/selenium/webdriver/chrome/webdriver.py\", line 45, in __init__\n    super().__init__(\n  File \"/opt/hostedtoolcache/Python/3.11.11/x64/lib/python3.11/site-packages/selenium/webdriver/chromium/webdriver.py\", line 66, in __init__\n    super().__init__(command_executor=executor, options=options)\n  File \"/opt/hostedtoolcache/Python/3.11.11/x64/lib/python3.11/site-packages/selenium/webdriver/remote/webdriver.py\", line 250, in __init__\n    self.start_session(capabilities)\n  File \"/opt/hostedtoolcache/Python/3.11.11/x64/lib/python3.11/site-packages/selenium/webdriver/remote/webdriver.py\", line 342, in start_session\n    response = self.execute(Command.NEW_SESSION, caps)[\"value\"]\n               ^^^^^^^^^^^^^^^^^^^^^^^^^^^^^^^^^^^^^^^\n  File \"/opt/hostedtoolcache/Python/3.11.11/x64/lib/python3.11/site-packages/selenium/webdriver/remote/webdriver.py\", line 429, in execute\n    self.error_handler.check_response(response)\n  File \"/opt/hostedtoolcache/Python/3.11.11/x64/lib/python3.11/site-packages/selenium/webdriver/remote/errorhandler.py\", line 232, in check_response\n    raise exception_class(message, screen, stacktrace)\n",
      "steps" : [ ],
      "attachments" : [ ],
      "parameters" : [ ],
      "stepsCount" : 0,
      "attachmentsCount" : 0,
      "shouldDisplayMessage" : true,
      "hasContent" : true
    }, {
      "name" : "Given Browser console logging is enabled for error tracking",
      "time" : {
        "start" : 1739155542837,
        "stop" : 1739155542837,
        "duration" : 0
      },
      "status" : "skipped",
      "steps" : [ ],
      "attachments" : [ ],
      "parameters" : [ ],
      "stepsCount" : 0,
      "attachmentsCount" : 0,
      "shouldDisplayMessage" : false,
      "hasContent" : false
    }, {
      "name" : "Then Verify page loads without console errors",
      "time" : {
        "start" : 1739155542837,
        "stop" : 1739155542837,
        "duration" : 0
      },
      "status" : "skipped",
      "steps" : [ ],
      "attachments" : [ ],
      "parameters" : [ ],
      "stepsCount" : 0,
      "attachmentsCount" : 0,
      "shouldDisplayMessage" : false,
      "hasContent" : false
    }, {
      "name" : "When Open Login Page",
      "time" : {
        "start" : 1739155542837,
        "stop" : 1739155542837,
        "duration" : 0
      },
      "status" : "skipped",
      "steps" : [ ],
      "attachments" : [ ],
      "parameters" : [ ],
      "stepsCount" : 0,
      "attachmentsCount" : 0,
      "shouldDisplayMessage" : false,
      "hasContent" : false
    }, {
      "name" : "Then Input userName \"Admin\" and passWord \"supersecretpassword\"",
      "time" : {
        "start" : 1739155542837,
        "stop" : 1739155542837,
        "duration" : 0
      },
      "status" : "skipped",
      "steps" : [ ],
      "attachments" : [ ],
      "parameters" : [ ],
      "stepsCount" : 0,
      "attachmentsCount" : 0,
      "shouldDisplayMessage" : false,
      "hasContent" : false
    }, {
      "name" : "And Submit form",
      "time" : {
        "start" : 1739155542837,
        "stop" : 1739155542837,
        "duration" : 0
      },
      "status" : "skipped",
      "steps" : [ ],
      "attachments" : [ ],
      "parameters" : [ ],
      "stepsCount" : 0,
      "attachmentsCount" : 0,
      "shouldDisplayMessage" : false,
      "hasContent" : false
    }, {
      "name" : "And Verify admin login",
      "time" : {
        "start" : 1739155542837,
        "stop" : 1739155542837,
        "duration" : 0
      },
      "status" : "skipped",
      "steps" : [ ],
      "attachments" : [ ],
      "parameters" : [ ],
      "stepsCount" : 0,
      "attachmentsCount" : 0,
      "shouldDisplayMessage" : false,
      "hasContent" : false
    }, {
      "name" : "And Close browser",
      "time" : {
        "start" : 1739155542837,
        "stop" : 1739155542837,
        "duration" : 0
      },
      "status" : "skipped",
      "steps" : [ ],
      "attachments" : [ ],
      "parameters" : [ ],
      "stepsCount" : 0,
      "attachmentsCount" : 0,
      "shouldDisplayMessage" : false,
      "hasContent" : false
    } ],
    "attachments" : [ ],
    "parameters" : [ ],
    "stepsCount" : 8,
    "attachmentsCount" : 0,
    "shouldDisplayMessage" : false,
    "hasContent" : true
  },
  "afterStages" : [ ],
  "labels" : [ {
    "name" : "severity",
    "value" : "normal"
  }, {
    "name" : "feature",
    "value" : "Verify Login is valid"
  }, {
    "name" : "framework",
    "value" : "behave"
  }, {
    "name" : "language",
    "value" : "cpython3"
  }, {
    "name" : "resultFormat",
    "value" : "allure2"
  } ],
  "parameters" : [ ],
  "links" : [ ],
  "hidden" : false,
  "retry" : false,
  "extra" : {
    "severity" : "normal",
    "retries" : [ ],
    "categories" : [ {
      "name" : "Test defects",
      "matchedStatuses" : [ ],
      "flaky" : false
    } ],
    "tags" : [ ]
  },
  "source" : "2aa8929ed17394bb.json",
  "parameterValues" : [ ]
}