{
  "uid" : "96a0971779ba1627",
  "name" : "Fill in student login with multiple correct user data -- @1.1 ",
  "fullName" : "Verify Login is valid: Fill in student login with multiple correct user data",
  "historyId" : "32f92818a8a829b8b22fca159efe65b5",
  "time" : {
    "start" : 1739179330445,
    "stop" : 1739179332158,
    "duration" : 1713
  },
  "status" : "broken",
  "statusMessage" : "selenium.common.exceptions.UnexpectedAlertPresentException: Alert Text: Invalid password\nMessage: unexpected alert open: {Alert text : Invalid password}\n  (Session info: chrome=132.0.6834.159)\nStacktrace:\n#0 0x56493f68a53a <unknown>\n#1 0x56493f185f00 <unknown>\n#2 0x56493f219a0f <unknown>\n#3 0x56493f1fa343 <unknown>\n#4 0x56493f1c778a <unknown>\n#5 0x56493f1c89de <unknown>\n#6 0x56493f6542cb <unknown>\n#7 0x56493f658242 <unknown>\n#8 0x56493f6417ac <unknown>\n#9 0x56493f658df7 <unknown>\n#10 0x56493f625b2f <unknown>\n#11 0x56493f6791a8 <unknown>\n#12 0x56493f679370 <unknown>\n#13 0x56493f6893b6 <unknown>\n#14 0x7f8b44e9ca94 <unknown>\n#15 0x7f8b44f29c3c <unknown>\n\n",
  "statusTrace" : "  File \"/opt/hostedtoolcache/Python/3.11.11/x64/lib/python3.11/site-packages/behave/model.py\", line 1329, in run\n    match.run(runner.context)\n  File \"/opt/hostedtoolcache/Python/3.11.11/x64/lib/python3.11/site-packages/behave/matchers.py\", line 98, in run\n    self.func(context, *args, **kwargs)\n  File \"tests/features/steps/login-steps.py\", line 83, in step_impl\n    context.wait.until(EC.url_to_be(f\"{BASE_URL}/student\"))\n  File \"/opt/hostedtoolcache/Python/3.11.11/x64/lib/python3.11/site-packages/selenium/webdriver/support/wait.py\", line 137, in until\n    value = method(self._driver)\n            ^^^^^^^^^^^^^^^^^^^^\n  File \"/opt/hostedtoolcache/Python/3.11.11/x64/lib/python3.11/site-packages/selenium/webdriver/support/expected_conditions.py\", line 172, in _predicate\n    return url == driver.current_url\n                  ^^^^^^^^^^^^^^^^^^\n  File \"/opt/hostedtoolcache/Python/3.11.11/x64/lib/python3.11/site-packages/selenium/webdriver/remote/webdriver.py\", line 560, in current_url\n    return self.execute(Command.GET_CURRENT_URL)[\"value\"]\n           ^^^^^^^^^^^^^^^^^^^^^^^^^^^^^^^^^^^^^\n  File \"/opt/hostedtoolcache/Python/3.11.11/x64/lib/python3.11/site-packages/selenium/webdriver/remote/webdriver.py\", line 429, in execute\n    self.error_handler.check_response(response)\n  File \"/opt/hostedtoolcache/Python/3.11.11/x64/lib/python3.11/site-packages/selenium/webdriver/remote/errorhandler.py\", line 231, in check_response\n    raise exception_class(message, screen, stacktrace, alert_text)  # type: ignore[call-arg]  # mypy is not smart enough here\n    ^^^^^^^^^^^^^^^^^^^^^^^^^^^^^^^^^^^^^^^^^^^^^^^^^^^^^^^^^^^^^^\n",
  "flaky" : false,
  "newFailed" : false,
  "beforeStages" : [ ],
  "testStage" : {
    "status" : "broken",
    "statusMessage" : "selenium.common.exceptions.UnexpectedAlertPresentException: Alert Text: Invalid password\nMessage: unexpected alert open: {Alert text : Invalid password}\n  (Session info: chrome=132.0.6834.159)\nStacktrace:\n#0 0x56493f68a53a <unknown>\n#1 0x56493f185f00 <unknown>\n#2 0x56493f219a0f <unknown>\n#3 0x56493f1fa343 <unknown>\n#4 0x56493f1c778a <unknown>\n#5 0x56493f1c89de <unknown>\n#6 0x56493f6542cb <unknown>\n#7 0x56493f658242 <unknown>\n#8 0x56493f6417ac <unknown>\n#9 0x56493f658df7 <unknown>\n#10 0x56493f625b2f <unknown>\n#11 0x56493f6791a8 <unknown>\n#12 0x56493f679370 <unknown>\n#13 0x56493f6893b6 <unknown>\n#14 0x7f8b44e9ca94 <unknown>\n#15 0x7f8b44f29c3c <unknown>\n\n",
    "statusTrace" : "  File \"/opt/hostedtoolcache/Python/3.11.11/x64/lib/python3.11/site-packages/behave/model.py\", line 1329, in run\n    match.run(runner.context)\n  File \"/opt/hostedtoolcache/Python/3.11.11/x64/lib/python3.11/site-packages/behave/matchers.py\", line 98, in run\n    self.func(context, *args, **kwargs)\n  File \"tests/features/steps/login-steps.py\", line 83, in step_impl\n    context.wait.until(EC.url_to_be(f\"{BASE_URL}/student\"))\n  File \"/opt/hostedtoolcache/Python/3.11.11/x64/lib/python3.11/site-packages/selenium/webdriver/support/wait.py\", line 137, in until\n    value = method(self._driver)\n            ^^^^^^^^^^^^^^^^^^^^\n  File \"/opt/hostedtoolcache/Python/3.11.11/x64/lib/python3.11/site-packages/selenium/webdriver/support/expected_conditions.py\", line 172, in _predicate\n    return url == driver.current_url\n                  ^^^^^^^^^^^^^^^^^^\n  File \"/opt/hostedtoolcache/Python/3.11.11/x64/lib/python3.11/site-packages/selenium/webdriver/remote/webdriver.py\", line 560, in current_url\n    return self.execute(Command.GET_CURRENT_URL)[\"value\"]\n           ^^^^^^^^^^^^^^^^^^^^^^^^^^^^^^^^^^^^^\n  File \"/opt/hostedtoolcache/Python/3.11.11/x64/lib/python3.11/site-packages/selenium/webdriver/remote/webdriver.py\", line 429, in execute\n    self.error_handler.check_response(response)\n  File \"/opt/hostedtoolcache/Python/3.11.11/x64/lib/python3.11/site-packages/selenium/webdriver/remote/errorhandler.py\", line 231, in check_response\n    raise exception_class(message, screen, stacktrace, alert_text)  # type: ignore[call-arg]  # mypy is not smart enough here\n    ^^^^^^^^^^^^^^^^^^^^^^^^^^^^^^^^^^^^^^^^^^^^^^^^^^^^^^^^^^^^^^\n",
    "steps" : [ {
      "name" : "Given Chrome browser is launch",
      "time" : {
        "start" : 1739179330445,
        "stop" : 1739179330790,
        "duration" : 345
      },
      "status" : "passed",
      "steps" : [ ],
      "attachments" : [ ],
      "parameters" : [ ],
      "stepsCount" : 0,
      "attachmentsCount" : 0,
      "shouldDisplayMessage" : false,
      "hasContent" : false
    }, {
      "name" : "And Browser console logging is enabled for error tracking",
      "time" : {
        "start" : 1739179330790,
        "stop" : 1739179330790,
        "duration" : 0
      },
      "status" : "passed",
      "steps" : [ ],
      "attachments" : [ ],
      "parameters" : [ ],
      "stepsCount" : 0,
      "attachmentsCount" : 0,
      "shouldDisplayMessage" : false,
      "hasContent" : false
    }, {
      "name" : "When Open Login Page",
      "time" : {
        "start" : 1739179330790,
        "stop" : 1739179330897,
        "duration" : 107
      },
      "status" : "passed",
      "steps" : [ ],
      "attachments" : [ ],
      "parameters" : [ ],
      "stepsCount" : 0,
      "attachmentsCount" : 0,
      "shouldDisplayMessage" : false,
      "hasContent" : false
    }, {
      "name" : "Then Verify page loads without console errors",
      "time" : {
        "start" : 1739179330897,
        "stop" : 1739179330911,
        "duration" : 14
      },
      "status" : "passed",
      "steps" : [ ],
      "attachments" : [ ],
      "parameters" : [ ],
      "stepsCount" : 0,
      "attachmentsCount" : 0,
      "shouldDisplayMessage" : false,
      "hasContent" : false
    }, {
      "name" : "Then Input multiple \"John Tan\" and \"password1\"",
      "time" : {
        "start" : 1739179330911,
        "stop" : 1739179331080,
        "duration" : 169
      },
      "status" : "passed",
      "steps" : [ ],
      "attachments" : [ ],
      "parameters" : [ ],
      "stepsCount" : 0,
      "attachmentsCount" : 0,
      "shouldDisplayMessage" : false,
      "hasContent" : false
    }, {
      "name" : "And Submit form",
      "time" : {
        "start" : 1739179331080,
        "stop" : 1739179332148,
        "duration" : 1068
      },
      "status" : "passed",
      "steps" : [ ],
      "attachments" : [ ],
      "parameters" : [ ],
      "stepsCount" : 0,
      "attachmentsCount" : 0,
      "shouldDisplayMessage" : false,
      "hasContent" : false
    }, {
      "name" : "And Verify student login",
      "time" : {
        "start" : 1739179332148,
        "stop" : 1739179332157,
        "duration" : 9
      },
      "status" : "broken",
      "statusMessage" : "selenium.common.exceptions.UnexpectedAlertPresentException: Alert Text: Invalid password\nMessage: unexpected alert open: {Alert text : Invalid password}\n  (Session info: chrome=132.0.6834.159)\nStacktrace:\n#0 0x56493f68a53a <unknown>\n#1 0x56493f185f00 <unknown>\n#2 0x56493f219a0f <unknown>\n#3 0x56493f1fa343 <unknown>\n#4 0x56493f1c778a <unknown>\n#5 0x56493f1c89de <unknown>\n#6 0x56493f6542cb <unknown>\n#7 0x56493f658242 <unknown>\n#8 0x56493f6417ac <unknown>\n#9 0x56493f658df7 <unknown>\n#10 0x56493f625b2f <unknown>\n#11 0x56493f6791a8 <unknown>\n#12 0x56493f679370 <unknown>\n#13 0x56493f6893b6 <unknown>\n#14 0x7f8b44e9ca94 <unknown>\n#15 0x7f8b44f29c3c <unknown>\n\n",
      "statusTrace" : "  File \"/opt/hostedtoolcache/Python/3.11.11/x64/lib/python3.11/site-packages/behave/model.py\", line 1329, in run\n    match.run(runner.context)\n  File \"/opt/hostedtoolcache/Python/3.11.11/x64/lib/python3.11/site-packages/behave/matchers.py\", line 98, in run\n    self.func(context, *args, **kwargs)\n  File \"tests/features/steps/login-steps.py\", line 83, in step_impl\n    context.wait.until(EC.url_to_be(f\"{BASE_URL}/student\"))\n  File \"/opt/hostedtoolcache/Python/3.11.11/x64/lib/python3.11/site-packages/selenium/webdriver/support/wait.py\", line 137, in until\n    value = method(self._driver)\n            ^^^^^^^^^^^^^^^^^^^^\n  File \"/opt/hostedtoolcache/Python/3.11.11/x64/lib/python3.11/site-packages/selenium/webdriver/support/expected_conditions.py\", line 172, in _predicate\n    return url == driver.current_url\n                  ^^^^^^^^^^^^^^^^^^\n  File \"/opt/hostedtoolcache/Python/3.11.11/x64/lib/python3.11/site-packages/selenium/webdriver/remote/webdriver.py\", line 560, in current_url\n    return self.execute(Command.GET_CURRENT_URL)[\"value\"]\n           ^^^^^^^^^^^^^^^^^^^^^^^^^^^^^^^^^^^^^\n  File \"/opt/hostedtoolcache/Python/3.11.11/x64/lib/python3.11/site-packages/selenium/webdriver/remote/webdriver.py\", line 429, in execute\n    self.error_handler.check_response(response)\n  File \"/opt/hostedtoolcache/Python/3.11.11/x64/lib/python3.11/site-packages/selenium/webdriver/remote/errorhandler.py\", line 231, in check_response\n    raise exception_class(message, screen, stacktrace, alert_text)  # type: ignore[call-arg]  # mypy is not smart enough here\n    ^^^^^^^^^^^^^^^^^^^^^^^^^^^^^^^^^^^^^^^^^^^^^^^^^^^^^^^^^^^^^^\n",
      "steps" : [ ],
      "attachments" : [ ],
      "parameters" : [ ],
      "stepsCount" : 0,
      "attachmentsCount" : 0,
      "shouldDisplayMessage" : true,
      "hasContent" : true
    }, {
      "name" : "And Close browser",
      "time" : {
        "start" : 1739179332158,
        "stop" : 1739179332158,
        "duration" : 0
      },
      "status" : "skipped",
      "steps" : [ ],
      "attachments" : [ ],
      "parameters" : [ ],
      "stepsCount" : 0,
      "attachmentsCount" : 0,
      "shouldDisplayMessage" : false,
      "hasContent" : false
    } ],
    "attachments" : [ ],
    "parameters" : [ ],
    "stepsCount" : 8,
    "attachmentsCount" : 0,
    "shouldDisplayMessage" : false,
    "hasContent" : true
  },
  "afterStages" : [ ],
  "labels" : [ {
    "name" : "severity",
    "value" : "normal"
  }, {
    "name" : "feature",
    "value" : "Verify Login is valid"
  }, {
    "name" : "framework",
    "value" : "behave"
  }, {
    "name" : "language",
    "value" : "cpython3"
  }, {
    "name" : "resultFormat",
    "value" : "allure2"
  } ],
  "parameters" : [ {
    "name" : "passWord",
    "value" : "password1"
  }, {
    "name" : "userName",
    "value" : "John Tan"
  } ],
  "links" : [ ],
  "hidden" : false,
  "retry" : false,
  "extra" : {
    "severity" : "normal",
    "retries" : [ ],
    "categories" : [ {
      "name" : "Test defects",
      "matchedStatuses" : [ ],
      "flaky" : false
    } ],
    "tags" : [ ]
  },
  "source" : "96a0971779ba1627.json",
  "parameterValues" : [ "password1", "John Tan" ]
}