{
  "uid" : "35aaa65268dfd33b",
  "name" : "Check Login title",
  "fullName" : "Verify Login is valid: Check Login title",
  "historyId" : "bf8bd00354bfb1ece039b07d8165f522",
  "time" : {
    "start" : 1738908091029,
    "stop" : 1738908108921,
    "duration" : 17892
  },
  "status" : "broken",
  "statusMessage" : "selenium.common.exceptions.TimeoutException: Message: \nStacktrace:\n#0 0x557d4fd9e53a <unknown>\n#1 0x557d4f899f00 <unknown>\n#2 0x557d4f8e9c0c <unknown>\n#3 0x557d4f8e9e31 <unknown>\n#4 0x557d4f92fbd4 <unknown>\n#5 0x557d4f90e5cd <unknown>\n#6 0x557d4f92cf84 <unknown>\n#7 0x557d4f90e343 <unknown>\n#8 0x557d4f8db78a <unknown>\n#9 0x557d4f8dc9de <unknown>\n#10 0x557d4fd682cb <unknown>\n#11 0x557d4fd6c242 <unknown>\n#12 0x557d4fd557ac <unknown>\n#13 0x557d4fd6cdf7 <unknown>\n#14 0x557d4fd39b2f <unknown>\n#15 0x557d4fd8d1a8 <unknown>\n#16 0x557d4fd8d370 <unknown>\n#17 0x557d4fd9d3b6 <unknown>\n#18 0x7f947889ca94 <unknown>\n#19 0x7f9478929c3c <unknown>\n\n",
  "statusTrace" : "  File \"/opt/hostedtoolcache/Python/3.11.11/x64/lib/python3.11/site-packages/behave/model.py\", line 1329, in run\n    match.run(runner.context)\n  File \"/opt/hostedtoolcache/Python/3.11.11/x64/lib/python3.11/site-packages/behave/matchers.py\", line 98, in run\n    self.func(context, *args, **kwargs)\n  File \"tests/features/steps/login-steps.py\", line 87, in step_verify_no_console_errors\n    username_field = wait_for_element(context, (By.ID, \"InputUsername\"))\n                     ^^^^^^^^^^^^^^^^^^^^^^^^^^^^^^^^^^^^^^^^^^^^^^^^^^^\n  File \"tests/features/steps/login-steps.py\", line 64, in wait_for_element\n    element = WebDriverWait(context.driver, timeout).until(\n              ^^^^^^^^^^^^^^^^^^^^^^^^^^^^^^^^^^^^^^^^^^^^^\n  File \"/opt/hostedtoolcache/Python/3.11.11/x64/lib/python3.11/site-packages/selenium/webdriver/support/wait.py\", line 146, in until\n    raise TimeoutException(message, screen, stacktrace)\n",
  "flaky" : false,
  "newFailed" : false,
  "beforeStages" : [ ],
  "testStage" : {
    "status" : "broken",
    "statusMessage" : "selenium.common.exceptions.TimeoutException: Message: \nStacktrace:\n#0 0x557d4fd9e53a <unknown>\n#1 0x557d4f899f00 <unknown>\n#2 0x557d4f8e9c0c <unknown>\n#3 0x557d4f8e9e31 <unknown>\n#4 0x557d4f92fbd4 <unknown>\n#5 0x557d4f90e5cd <unknown>\n#6 0x557d4f92cf84 <unknown>\n#7 0x557d4f90e343 <unknown>\n#8 0x557d4f8db78a <unknown>\n#9 0x557d4f8dc9de <unknown>\n#10 0x557d4fd682cb <unknown>\n#11 0x557d4fd6c242 <unknown>\n#12 0x557d4fd557ac <unknown>\n#13 0x557d4fd6cdf7 <unknown>\n#14 0x557d4fd39b2f <unknown>\n#15 0x557d4fd8d1a8 <unknown>\n#16 0x557d4fd8d370 <unknown>\n#17 0x557d4fd9d3b6 <unknown>\n#18 0x7f947889ca94 <unknown>\n#19 0x7f9478929c3c <unknown>\n\n",
    "statusTrace" : "  File \"/opt/hostedtoolcache/Python/3.11.11/x64/lib/python3.11/site-packages/behave/model.py\", line 1329, in run\n    match.run(runner.context)\n  File \"/opt/hostedtoolcache/Python/3.11.11/x64/lib/python3.11/site-packages/behave/matchers.py\", line 98, in run\n    self.func(context, *args, **kwargs)\n  File \"tests/features/steps/login-steps.py\", line 87, in step_verify_no_console_errors\n    username_field = wait_for_element(context, (By.ID, \"InputUsername\"))\n                     ^^^^^^^^^^^^^^^^^^^^^^^^^^^^^^^^^^^^^^^^^^^^^^^^^^^\n  File \"tests/features/steps/login-steps.py\", line 64, in wait_for_element\n    element = WebDriverWait(context.driver, timeout).until(\n              ^^^^^^^^^^^^^^^^^^^^^^^^^^^^^^^^^^^^^^^^^^^^^\n  File \"/opt/hostedtoolcache/Python/3.11.11/x64/lib/python3.11/site-packages/selenium/webdriver/support/wait.py\", line 146, in until\n    raise TimeoutException(message, screen, stacktrace)\n",
    "steps" : [ {
      "name" : "Given Chrome browser is launch",
      "time" : {
        "start" : 1738908091029,
        "stop" : 1738908098509,
        "duration" : 7480
      },
      "status" : "passed",
      "steps" : [ ],
      "attachments" : [ ],
      "parameters" : [ ],
      "stepsCount" : 0,
      "attachmentsCount" : 0,
      "shouldDisplayMessage" : false,
      "hasContent" : false
    }, {
      "name" : "Given Browser console logging is enabled for error tracking",
      "time" : {
        "start" : 1738908098509,
        "stop" : 1738908098510,
        "duration" : 1
      },
      "status" : "passed",
      "steps" : [ ],
      "attachments" : [ ],
      "parameters" : [ ],
      "stepsCount" : 0,
      "attachmentsCount" : 0,
      "shouldDisplayMessage" : false,
      "hasContent" : false
    }, {
      "name" : "Then Verify page loads without console errors",
      "time" : {
        "start" : 1738908098510,
        "stop" : 1738908108920,
        "duration" : 10410
      },
      "status" : "broken",
      "statusMessage" : "selenium.common.exceptions.TimeoutException: Message: \nStacktrace:\n#0 0x557d4fd9e53a <unknown>\n#1 0x557d4f899f00 <unknown>\n#2 0x557d4f8e9c0c <unknown>\n#3 0x557d4f8e9e31 <unknown>\n#4 0x557d4f92fbd4 <unknown>\n#5 0x557d4f90e5cd <unknown>\n#6 0x557d4f92cf84 <unknown>\n#7 0x557d4f90e343 <unknown>\n#8 0x557d4f8db78a <unknown>\n#9 0x557d4f8dc9de <unknown>\n#10 0x557d4fd682cb <unknown>\n#11 0x557d4fd6c242 <unknown>\n#12 0x557d4fd557ac <unknown>\n#13 0x557d4fd6cdf7 <unknown>\n#14 0x557d4fd39b2f <unknown>\n#15 0x557d4fd8d1a8 <unknown>\n#16 0x557d4fd8d370 <unknown>\n#17 0x557d4fd9d3b6 <unknown>\n#18 0x7f947889ca94 <unknown>\n#19 0x7f9478929c3c <unknown>\n\n",
      "statusTrace" : "  File \"/opt/hostedtoolcache/Python/3.11.11/x64/lib/python3.11/site-packages/behave/model.py\", line 1329, in run\n    match.run(runner.context)\n  File \"/opt/hostedtoolcache/Python/3.11.11/x64/lib/python3.11/site-packages/behave/matchers.py\", line 98, in run\n    self.func(context, *args, **kwargs)\n  File \"tests/features/steps/login-steps.py\", line 87, in step_verify_no_console_errors\n    username_field = wait_for_element(context, (By.ID, \"InputUsername\"))\n                     ^^^^^^^^^^^^^^^^^^^^^^^^^^^^^^^^^^^^^^^^^^^^^^^^^^^\n  File \"tests/features/steps/login-steps.py\", line 64, in wait_for_element\n    element = WebDriverWait(context.driver, timeout).until(\n              ^^^^^^^^^^^^^^^^^^^^^^^^^^^^^^^^^^^^^^^^^^^^^\n  File \"/opt/hostedtoolcache/Python/3.11.11/x64/lib/python3.11/site-packages/selenium/webdriver/support/wait.py\", line 146, in until\n    raise TimeoutException(message, screen, stacktrace)\n",
      "steps" : [ ],
      "attachments" : [ ],
      "parameters" : [ ],
      "stepsCount" : 0,
      "attachmentsCount" : 0,
      "shouldDisplayMessage" : true,
      "hasContent" : true
    }, {
      "name" : "When Open Login Page",
      "time" : {
        "start" : 1738908108920,
        "stop" : 1738908108921,
        "duration" : 1
      },
      "status" : "skipped",
      "steps" : [ ],
      "attachments" : [ ],
      "parameters" : [ ],
      "stepsCount" : 0,
      "attachmentsCount" : 0,
      "shouldDisplayMessage" : false,
      "hasContent" : false
    }, {
      "name" : "Then Verify Login title is present",
      "time" : {
        "start" : 1738908108921,
        "stop" : 1738908108921,
        "duration" : 0
      },
      "status" : "skipped",
      "steps" : [ ],
      "attachments" : [ ],
      "parameters" : [ ],
      "stepsCount" : 0,
      "attachmentsCount" : 0,
      "shouldDisplayMessage" : false,
      "hasContent" : false
    }, {
      "name" : "And Close browser",
      "time" : {
        "start" : 1738908108921,
        "stop" : 1738908108921,
        "duration" : 0
      },
      "status" : "skipped",
      "steps" : [ ],
      "attachments" : [ ],
      "parameters" : [ ],
      "stepsCount" : 0,
      "attachmentsCount" : 0,
      "shouldDisplayMessage" : false,
      "hasContent" : false
    } ],
    "attachments" : [ ],
    "parameters" : [ ],
    "stepsCount" : 6,
    "attachmentsCount" : 0,
    "shouldDisplayMessage" : false,
    "hasContent" : true
  },
  "afterStages" : [ ],
  "labels" : [ {
    "name" : "severity",
    "value" : "normal"
  }, {
    "name" : "feature",
    "value" : "Verify Login is valid"
  }, {
    "name" : "framework",
    "value" : "behave"
  }, {
    "name" : "language",
    "value" : "cpython3"
  }, {
    "name" : "resultFormat",
    "value" : "allure2"
  } ],
  "parameters" : [ ],
  "links" : [ ],
  "hidden" : false,
  "retry" : false,
  "extra" : {
    "severity" : "normal",
    "retries" : [ ],
    "categories" : [ {
      "name" : "Test defects",
      "matchedStatuses" : [ ],
      "flaky" : false
    } ],
    "tags" : [ ]
  },
  "source" : "35aaa65268dfd33b.json",
  "parameterValues" : [ ]
}