{
  "uid" : "c5ea7e797c9c209f",
  "name" : "Fill in student login with one incorrect userName data",
  "fullName" : "Verify Login is valid: Fill in student login with one incorrect userName data",
  "historyId" : "694a16d8783e3102fa429ceb7f6a7ec2",
  "time" : {
    "start" : 1738908108921,
    "stop" : 1738908119230,
    "duration" : 10309
  },
  "status" : "broken",
  "statusMessage" : "selenium.common.exceptions.TimeoutException: Message: \nStacktrace:\n#0 0x55a3acf7553a <unknown>\n#1 0x55a3aca70f00 <unknown>\n#2 0x55a3acac0c0c <unknown>\n#3 0x55a3acac0e31 <unknown>\n#4 0x55a3acb06bd4 <unknown>\n#5 0x55a3acae55cd <unknown>\n#6 0x55a3acb03f84 <unknown>\n#7 0x55a3acae5343 <unknown>\n#8 0x55a3acab278a <unknown>\n#9 0x55a3acab39de <unknown>\n#10 0x55a3acf3f2cb <unknown>\n#11 0x55a3acf43242 <unknown>\n#12 0x55a3acf2c7ac <unknown>\n#13 0x55a3acf43df7 <unknown>\n#14 0x55a3acf10b2f <unknown>\n#15 0x55a3acf641a8 <unknown>\n#16 0x55a3acf64370 <unknown>\n#17 0x55a3acf743b6 <unknown>\n#18 0x7f9768c9ca94 <unknown>\n#19 0x7f9768d29c3c <unknown>\n\n",
  "statusTrace" : "  File \"/opt/hostedtoolcache/Python/3.11.11/x64/lib/python3.11/site-packages/behave/model.py\", line 1329, in run\n    match.run(runner.context)\n  File \"/opt/hostedtoolcache/Python/3.11.11/x64/lib/python3.11/site-packages/behave/matchers.py\", line 98, in run\n    self.func(context, *args, **kwargs)\n  File \"tests/features/steps/login-steps.py\", line 87, in step_verify_no_console_errors\n    username_field = wait_for_element(context, (By.ID, \"InputUsername\"))\n                     ^^^^^^^^^^^^^^^^^^^^^^^^^^^^^^^^^^^^^^^^^^^^^^^^^^^\n  File \"tests/features/steps/login-steps.py\", line 64, in wait_for_element\n    element = WebDriverWait(context.driver, timeout).until(\n              ^^^^^^^^^^^^^^^^^^^^^^^^^^^^^^^^^^^^^^^^^^^^^\n  File \"/opt/hostedtoolcache/Python/3.11.11/x64/lib/python3.11/site-packages/selenium/webdriver/support/wait.py\", line 146, in until\n    raise TimeoutException(message, screen, stacktrace)\n",
  "flaky" : false,
  "newFailed" : false,
  "beforeStages" : [ ],
  "testStage" : {
    "status" : "broken",
    "statusMessage" : "selenium.common.exceptions.TimeoutException: Message: \nStacktrace:\n#0 0x55a3acf7553a <unknown>\n#1 0x55a3aca70f00 <unknown>\n#2 0x55a3acac0c0c <unknown>\n#3 0x55a3acac0e31 <unknown>\n#4 0x55a3acb06bd4 <unknown>\n#5 0x55a3acae55cd <unknown>\n#6 0x55a3acb03f84 <unknown>\n#7 0x55a3acae5343 <unknown>\n#8 0x55a3acab278a <unknown>\n#9 0x55a3acab39de <unknown>\n#10 0x55a3acf3f2cb <unknown>\n#11 0x55a3acf43242 <unknown>\n#12 0x55a3acf2c7ac <unknown>\n#13 0x55a3acf43df7 <unknown>\n#14 0x55a3acf10b2f <unknown>\n#15 0x55a3acf641a8 <unknown>\n#16 0x55a3acf64370 <unknown>\n#17 0x55a3acf743b6 <unknown>\n#18 0x7f9768c9ca94 <unknown>\n#19 0x7f9768d29c3c <unknown>\n\n",
    "statusTrace" : "  File \"/opt/hostedtoolcache/Python/3.11.11/x64/lib/python3.11/site-packages/behave/model.py\", line 1329, in run\n    match.run(runner.context)\n  File \"/opt/hostedtoolcache/Python/3.11.11/x64/lib/python3.11/site-packages/behave/matchers.py\", line 98, in run\n    self.func(context, *args, **kwargs)\n  File \"tests/features/steps/login-steps.py\", line 87, in step_verify_no_console_errors\n    username_field = wait_for_element(context, (By.ID, \"InputUsername\"))\n                     ^^^^^^^^^^^^^^^^^^^^^^^^^^^^^^^^^^^^^^^^^^^^^^^^^^^\n  File \"tests/features/steps/login-steps.py\", line 64, in wait_for_element\n    element = WebDriverWait(context.driver, timeout).until(\n              ^^^^^^^^^^^^^^^^^^^^^^^^^^^^^^^^^^^^^^^^^^^^^\n  File \"/opt/hostedtoolcache/Python/3.11.11/x64/lib/python3.11/site-packages/selenium/webdriver/support/wait.py\", line 146, in until\n    raise TimeoutException(message, screen, stacktrace)\n",
    "steps" : [ {
      "name" : "Given Chrome browser is launch",
      "time" : {
        "start" : 1738908108921,
        "stop" : 1738908108946,
        "duration" : 25
      },
      "status" : "passed",
      "steps" : [ ],
      "attachments" : [ ],
      "parameters" : [ ],
      "stepsCount" : 0,
      "attachmentsCount" : 0,
      "shouldDisplayMessage" : false,
      "hasContent" : false
    }, {
      "name" : "Given Browser console logging is enabled for error tracking",
      "time" : {
        "start" : 1738908108946,
        "stop" : 1738908108946,
        "duration" : 0
      },
      "status" : "passed",
      "steps" : [ ],
      "attachments" : [ ],
      "parameters" : [ ],
      "stepsCount" : 0,
      "attachmentsCount" : 0,
      "shouldDisplayMessage" : false,
      "hasContent" : false
    }, {
      "name" : "Then Verify page loads without console errors",
      "time" : {
        "start" : 1738908108946,
        "stop" : 1738908119229,
        "duration" : 10283
      },
      "status" : "broken",
      "statusMessage" : "selenium.common.exceptions.TimeoutException: Message: \nStacktrace:\n#0 0x55a3acf7553a <unknown>\n#1 0x55a3aca70f00 <unknown>\n#2 0x55a3acac0c0c <unknown>\n#3 0x55a3acac0e31 <unknown>\n#4 0x55a3acb06bd4 <unknown>\n#5 0x55a3acae55cd <unknown>\n#6 0x55a3acb03f84 <unknown>\n#7 0x55a3acae5343 <unknown>\n#8 0x55a3acab278a <unknown>\n#9 0x55a3acab39de <unknown>\n#10 0x55a3acf3f2cb <unknown>\n#11 0x55a3acf43242 <unknown>\n#12 0x55a3acf2c7ac <unknown>\n#13 0x55a3acf43df7 <unknown>\n#14 0x55a3acf10b2f <unknown>\n#15 0x55a3acf641a8 <unknown>\n#16 0x55a3acf64370 <unknown>\n#17 0x55a3acf743b6 <unknown>\n#18 0x7f9768c9ca94 <unknown>\n#19 0x7f9768d29c3c <unknown>\n\n",
      "statusTrace" : "  File \"/opt/hostedtoolcache/Python/3.11.11/x64/lib/python3.11/site-packages/behave/model.py\", line 1329, in run\n    match.run(runner.context)\n  File \"/opt/hostedtoolcache/Python/3.11.11/x64/lib/python3.11/site-packages/behave/matchers.py\", line 98, in run\n    self.func(context, *args, **kwargs)\n  File \"tests/features/steps/login-steps.py\", line 87, in step_verify_no_console_errors\n    username_field = wait_for_element(context, (By.ID, \"InputUsername\"))\n                     ^^^^^^^^^^^^^^^^^^^^^^^^^^^^^^^^^^^^^^^^^^^^^^^^^^^\n  File \"tests/features/steps/login-steps.py\", line 64, in wait_for_element\n    element = WebDriverWait(context.driver, timeout).until(\n              ^^^^^^^^^^^^^^^^^^^^^^^^^^^^^^^^^^^^^^^^^^^^^\n  File \"/opt/hostedtoolcache/Python/3.11.11/x64/lib/python3.11/site-packages/selenium/webdriver/support/wait.py\", line 146, in until\n    raise TimeoutException(message, screen, stacktrace)\n",
      "steps" : [ ],
      "attachments" : [ ],
      "parameters" : [ ],
      "stepsCount" : 0,
      "attachmentsCount" : 0,
      "shouldDisplayMessage" : true,
      "hasContent" : true
    }, {
      "name" : "When Open Login Page",
      "time" : {
        "start" : 1738908119230,
        "stop" : 1738908119230,
        "duration" : 0
      },
      "status" : "skipped",
      "steps" : [ ],
      "attachments" : [ ],
      "parameters" : [ ],
      "stepsCount" : 0,
      "attachmentsCount" : 0,
      "shouldDisplayMessage" : false,
      "hasContent" : false
    }, {
      "name" : "Then Input userName \"A1234567X\" and passWord \"password1\"",
      "time" : {
        "start" : 1738908119230,
        "stop" : 1738908119230,
        "duration" : 0
      },
      "status" : "skipped",
      "steps" : [ ],
      "attachments" : [ ],
      "parameters" : [ ],
      "stepsCount" : 0,
      "attachmentsCount" : 0,
      "shouldDisplayMessage" : false,
      "hasContent" : false
    }, {
      "name" : "And Submit form",
      "time" : {
        "start" : 1738908119230,
        "stop" : 1738908119230,
        "duration" : 0
      },
      "status" : "skipped",
      "steps" : [ ],
      "attachments" : [ ],
      "parameters" : [ ],
      "stepsCount" : 0,
      "attachmentsCount" : 0,
      "shouldDisplayMessage" : false,
      "hasContent" : false
    }, {
      "name" : "And Verify failed student login",
      "time" : {
        "start" : 1738908119230,
        "stop" : 1738908119230,
        "duration" : 0
      },
      "status" : "skipped",
      "steps" : [ ],
      "attachments" : [ ],
      "parameters" : [ ],
      "stepsCount" : 0,
      "attachmentsCount" : 0,
      "shouldDisplayMessage" : false,
      "hasContent" : false
    }, {
      "name" : "And Close browser",
      "time" : {
        "start" : 1738908119230,
        "stop" : 1738908119230,
        "duration" : 0
      },
      "status" : "skipped",
      "steps" : [ ],
      "attachments" : [ ],
      "parameters" : [ ],
      "stepsCount" : 0,
      "attachmentsCount" : 0,
      "shouldDisplayMessage" : false,
      "hasContent" : false
    } ],
    "attachments" : [ ],
    "parameters" : [ ],
    "stepsCount" : 8,
    "attachmentsCount" : 0,
    "shouldDisplayMessage" : false,
    "hasContent" : true
  },
  "afterStages" : [ ],
  "labels" : [ {
    "name" : "severity",
    "value" : "normal"
  }, {
    "name" : "feature",
    "value" : "Verify Login is valid"
  }, {
    "name" : "framework",
    "value" : "behave"
  }, {
    "name" : "language",
    "value" : "cpython3"
  }, {
    "name" : "resultFormat",
    "value" : "allure2"
  } ],
  "parameters" : [ ],
  "links" : [ ],
  "hidden" : false,
  "retry" : false,
  "extra" : {
    "severity" : "normal",
    "retries" : [ ],
    "categories" : [ {
      "name" : "Test defects",
      "matchedStatuses" : [ ],
      "flaky" : false
    } ],
    "tags" : [ ]
  },
  "source" : "c5ea7e797c9c209f.json",
  "parameterValues" : [ ]
}